<?xml version="1.0" encoding="UTF-8"?>
<testsuite name="Run on Headless Edge"
           tests="11"
           failures="1"
           errors="0"
           skipped="0"
           time="93.983">
  <properties />
            <testcase name="CA200_02_CheckTextLink" time="7.489" classname="ProjectEnas.UserRegister_Step1_SendEmail">
                <failure type="java.lang.AssertionError"
                  message="expected [true] but found [false]"
              >
<![CDATA[java.lang.AssertionError: expected [true] but found [false]
  org.testng.Assert.fail(Assert.java:96)
  org.testng.Assert.failNotEquals(Assert.java:776)
  org.testng.Assert.assertTrue(Assert.java:44)
  org.testng.Assert.assertTrue(Assert.java:54)
  commons.BaseTest.verifyTrue(BaseTest.java:160)
  ProjectEnas.UserRegister_Step1_SendEmail.CA200_02_CheckTextLink(UserRegister_Step1_SendEmail.java:82)
  java.base/jdk.internal.reflect.NativeMethodAccessorImpl.invoke0(Native Method)
  java.base/jdk.internal.reflect.NativeMethodAccessorImpl.invoke(NativeMethodAccessorImpl.java:62)
  java.base/jdk.internal.reflect.DelegatingMethodAccessorImpl.invoke(DelegatingMethodAccessorImpl.java:43)
  java.base/java.lang.reflect.Method.invoke(Method.java:566)
  org.testng.internal.MethodInvocationHelper.invokeMethod(MethodInvocationHelper.java:124)
  org.testng.internal.Invoker.invokeMethod(Invoker.java:583)
  org.testng.internal.Invoker.invokeTestMethod(Invoker.java:719)
  org.testng.internal.Invoker.invokeTestMethods(Invoker.java:989)
  org.testng.internal.TestMethodWorker.invokeTestMethods(TestMethodWorker.java:125)
  org.testng.internal.TestMethodWorker.run(TestMethodWorker.java:109)
  org.testng.TestRunner.privateRun(TestRunner.java:648)
  org.testng.TestRunner.run(TestRunner.java:505)
  org.testng.SuiteRunner.runTest(SuiteRunner.java:455)
  org.testng.SuiteRunner.runSequentially(SuiteRunner.java:450)
  org.testng.SuiteRunner.privateRun(SuiteRunner.java:415)
  org.testng.SuiteRunner.run(SuiteRunner.java:364)
  org.testng.SuiteRunnerWorker.runSuite(SuiteRunnerWorker.java:52)
  org.testng.SuiteRunnerWorker.run(SuiteRunnerWorker.java:84)
  org.testng.TestNG.runSuitesSequentially(TestNG.java:1208)
  org.testng.TestNG.runSuitesLocally(TestNG.java:1137)
  org.testng.TestNG.runSuites(TestNG.java:1049)
  org.testng.TestNG.run(TestNG.java:1017)
  org.testng.remote.AbstractRemoteTestNG.run(AbstractRemoteTestNG.java:115)
  org.testng.remote.RemoteTestNG.initAndRun(RemoteTestNG.java:251)
  org.testng.remote.RemoteTestNG.main(RemoteTestNG.java:77)
]]>
      </failure>

          </testcase>
  
  
            <testcase name="CA201_11_Check_Password_InValid" time="9.159" classname="ProjectEnas.UserRegister_Step1_SendEmail" />
                <testcase name="CA201_07_Check_Name_InValid" time="0.539" classname="ProjectEnas.UserRegister_Step1_SendEmail" />
                <testcase name="CA200_01__CheckUI" time="1.427" classname="ProjectEnas.UserRegister_Step1_SendEmail" />
                <testcase name="CA201_10_Check_Password_Valid" time="31.105" classname="ProjectEnas.UserRegister_Step1_SendEmail" />
                <testcase name="CA201_09_Check_Email_InValid" time="1.812" classname="ProjectEnas.UserRegister_Step1_SendEmail" />
                <testcase name="CA201_05_Check_Input_Blank" time="5.200" classname="ProjectEnas.UserRegister_Step1_SendEmail" />
                <testcase name="CA201_08_Check_Email_Valid" time="20.788" classname="ProjectEnas.UserRegister_Step1_SendEmail" />
                <testcase name="CA201_12_Check_Email_Exist" time="1.339" classname="ProjectEnas.UserRegister_Step1_SendEmail" />
                <testcase name="CA201_06_Check_Name_Valid" time="10.390" classname="ProjectEnas.UserRegister_Step1_SendEmail" />
                <testcase name="CA201_04_CheckUI" time="4.735" classname="ProjectEnas.UserRegister_Step1_SendEmail" />
      
</testsuite>
