<?xml version="1.0" encoding="UTF-8"?>
<testsuite name="Run on Headless Chrome"
           tests="7"
           failures="1"
           errors="0"
           skipped="0"
           time="23.154">
  <properties />
            <testcase name="TC01b_Check_UI_Form" time="0.151" classname="ProjectEnas.CF305_EnterTextMultiLine">
                <failure type="java.lang.AssertionError"
                  message="expected [#333D5A] but found [#000000]"
              >
<![CDATA[java.lang.AssertionError: expected [#333D5A] but found [#000000]
  org.testng.Assert.fail(Assert.java:96)
  org.testng.Assert.failNotEquals(Assert.java:776)
  org.testng.Assert.assertEqualsImpl(Assert.java:137)
  org.testng.Assert.assertEquals(Assert.java:118)
  org.testng.Assert.assertEquals(Assert.java:453)
  org.testng.Assert.assertEquals(Assert.java:463)
  ProjectEnas.CF305_EnterTextMultiLine.TC01b_Check_UI_Form(CF305_EnterTextMultiLine.java:92)
  java.base/jdk.internal.reflect.NativeMethodAccessorImpl.invoke0(Native Method)
  java.base/jdk.internal.reflect.NativeMethodAccessorImpl.invoke(NativeMethodAccessorImpl.java:62)
  java.base/jdk.internal.reflect.DelegatingMethodAccessorImpl.invoke(DelegatingMethodAccessorImpl.java:43)
  java.base/java.lang.reflect.Method.invoke(Method.java:566)
  org.testng.internal.MethodInvocationHelper.invokeMethod(MethodInvocationHelper.java:124)
  org.testng.internal.Invoker.invokeMethod(Invoker.java:583)
  org.testng.internal.Invoker.invokeTestMethod(Invoker.java:719)
  org.testng.internal.Invoker.invokeTestMethods(Invoker.java:989)
  org.testng.internal.TestMethodWorker.invokeTestMethods(TestMethodWorker.java:125)
  org.testng.internal.TestMethodWorker.run(TestMethodWorker.java:109)
  org.testng.TestRunner.privateRun(TestRunner.java:648)
  org.testng.TestRunner.run(TestRunner.java:505)
  org.testng.SuiteRunner.runTest(SuiteRunner.java:455)
  org.testng.SuiteRunner.runSequentially(SuiteRunner.java:450)
  org.testng.SuiteRunner.privateRun(SuiteRunner.java:415)
  org.testng.SuiteRunner.run(SuiteRunner.java:364)
  org.testng.SuiteRunnerWorker.runSuite(SuiteRunnerWorker.java:52)
  org.testng.SuiteRunnerWorker.run(SuiteRunnerWorker.java:84)
  org.testng.TestNG.runSuitesSequentially(TestNG.java:1208)
  org.testng.TestNG.runSuitesLocally(TestNG.java:1137)
  org.testng.TestNG.runSuites(TestNG.java:1049)
  org.testng.TestNG.run(TestNG.java:1017)
  org.testng.remote.AbstractRemoteTestNG.run(AbstractRemoteTestNG.java:115)
  org.testng.remote.RemoteTestNG.initAndRun(RemoteTestNG.java:251)
  org.testng.remote.RemoteTestNG.main(RemoteTestNG.java:77)
]]>
      </failure>

          </testcase>
  
  
            <testcase name="TC_05_Check_change_value_General_Explanation" time="2.869" classname="ProjectEnas.CF305_EnterTextMultiLine" />
                <testcase name="TC_06_Check_change_value_Additional_Explanation" time="2.799" classname="ProjectEnas.CF305_EnterTextMultiLine" />
                <testcase name="TC_04_Check_change_value_Sample_Explanation" time="1.329" classname="ProjectEnas.CF305_EnterTextMultiLine" />
                <testcase name="TC_03_Check_change_value_Title_Component" time="2.997" classname="ProjectEnas.CF305_EnterTextMultiLine" />
                <testcase name="TC02_Click_On_Switch_Required" time="5.244" classname="ProjectEnas.CF305_EnterTextMultiLine" />
                <testcase name="TC01a_Check_UI_Menu" time="7.765" classname="ProjectEnas.CF305_EnterTextMultiLine" />
      
</testsuite>
