<?xml version="1.0" encoding="UTF-8"?>
<testsuite name="Run on Headless Chrome"
           tests="11"
           failures="1"
           errors="0"
           skipped="0"
           time="28.629">
  <properties />
            <testcase name="TC_01b_Check_UI_Form" time="0.146" classname="ProjectEnas.CF303_Matrix">
                <failure type="java.lang.AssertionError"
                  message="expected [#333D5A] but found [#000000]"
              >
<![CDATA[java.lang.AssertionError: expected [#333D5A] but found [#000000]
  org.testng.Assert.fail(Assert.java:96)
  org.testng.Assert.failNotEquals(Assert.java:776)
  org.testng.Assert.assertEqualsImpl(Assert.java:137)
  org.testng.Assert.assertEquals(Assert.java:118)
  org.testng.Assert.assertEquals(Assert.java:453)
  org.testng.Assert.assertEquals(Assert.java:463)
  ProjectEnas.CF303_Matrix.TC_01b_Check_UI_Form(CF303_Matrix.java:113)
  java.base/jdk.internal.reflect.NativeMethodAccessorImpl.invoke0(Native Method)
  java.base/jdk.internal.reflect.NativeMethodAccessorImpl.invoke(NativeMethodAccessorImpl.java:62)
  java.base/jdk.internal.reflect.DelegatingMethodAccessorImpl.invoke(DelegatingMethodAccessorImpl.java:43)
  java.base/java.lang.reflect.Method.invoke(Method.java:566)
  org.testng.internal.MethodInvocationHelper.invokeMethod(MethodInvocationHelper.java:124)
  org.testng.internal.Invoker.invokeMethod(Invoker.java:583)
  org.testng.internal.Invoker.invokeTestMethod(Invoker.java:719)
  org.testng.internal.Invoker.invokeTestMethods(Invoker.java:989)
  org.testng.internal.TestMethodWorker.invokeTestMethods(TestMethodWorker.java:125)
  org.testng.internal.TestMethodWorker.run(TestMethodWorker.java:109)
  org.testng.TestRunner.privateRun(TestRunner.java:648)
  org.testng.TestRunner.run(TestRunner.java:505)
  org.testng.SuiteRunner.runTest(SuiteRunner.java:455)
  org.testng.SuiteRunner.runSequentially(SuiteRunner.java:450)
  org.testng.SuiteRunner.privateRun(SuiteRunner.java:415)
  org.testng.SuiteRunner.run(SuiteRunner.java:364)
  org.testng.SuiteRunnerWorker.runSuite(SuiteRunnerWorker.java:52)
  org.testng.SuiteRunnerWorker.run(SuiteRunnerWorker.java:84)
  org.testng.TestNG.runSuitesSequentially(TestNG.java:1208)
  org.testng.TestNG.runSuitesLocally(TestNG.java:1137)
  org.testng.TestNG.runSuites(TestNG.java:1049)
  org.testng.TestNG.run(TestNG.java:1017)
  org.testng.remote.AbstractRemoteTestNG.run(AbstractRemoteTestNG.java:115)
  org.testng.remote.RemoteTestNG.initAndRun(RemoteTestNG.java:251)
  org.testng.remote.RemoteTestNG.main(RemoteTestNG.java:77)
]]>
      </failure>

          </testcase>
  
  
            <testcase name="TC_02_Click_On_Switch_Required" time="5.304" classname="ProjectEnas.CF303_Matrix" />
                <testcase name="TC_08_Check_Enter_Option_Input" time="1.463" classname="ProjectEnas.CF303_Matrix" />
                <testcase name="TC_03_Check_change_value_Title_Component" time="3.606" classname="ProjectEnas.CF303_Matrix" />
                <testcase name="TC_01a_Check_UI_Menu" time="9.082" classname="ProjectEnas.CF303_Matrix" />
                <testcase name="TC_10_Check_Create_Input_Field" time="0.241" classname="ProjectEnas.CF303_Matrix" />
                <testcase name="TC_09_Check_Choose_Checkbox" time="0.146" classname="ProjectEnas.CF303_Matrix" />
                <testcase name="TC_11_Check_Create_Input_Option" time="0.230" classname="ProjectEnas.CF303_Matrix" />
                <testcase name="TC_05_Check_change_value_General_Explanation" time="3.470" classname="ProjectEnas.CF303_Matrix" />
                <testcase name="TC_07_Check_Enter_Field_Input" time="1.511" classname="ProjectEnas.CF303_Matrix" />
                <testcase name="TC_06_Check_change_value_Additional_Explanation" time="3.430" classname="ProjectEnas.CF303_Matrix" />
      
</testsuite>
