<?xml version="1.0" encoding="UTF-8"?>
<testsuite name="Run on Headless Chrome"
           tests="12"
           failures="1"
           errors="0"
           skipped="0"
           time="124.271">
  <properties />
            <testcase name="CA201_13_Check_Success" time="30.572" classname="ProjectEnas.UserRegister_Step1">
                <failure type="org.openqa.selenium.TimeoutException"
                  message="Expected condition failed: waiting for visibility of element located by By.xpath: //div[text()=&apos;メールアドレス&apos;]/parent::div/following-sibling::div[contains(@class,&apos;text-error&apos;)] (tried for 30 second(s) with 500 milliseconds interval)
Build info: version: &apos;4.11.0&apos;, revision: &apos;040bc5406b&apos;
System info: os.name: &apos;Windows 11&apos;, os.arch: &apos;amd64&apos;, os.version: &apos;10.0&apos;, java.version: &apos;11.0.17&apos;
Driver info: org.openqa.selenium.chrome.ChromeDriver
Capabilities {acceptInsecureCerts: false, browserName: chrome, browserVersion: 120.0.6099.110, chrome: {chromedriverVersion: 120.0.6099.71 (9729082fe617..., userDataDir: C:\Users\LyDT\AppData\Local...}, fedcm:accounts: true, goog:chromeOptions: {debuggerAddress: localhost:60188}, networkConnectionEnabled: false, pageLoadStrategy: normal, platformName: windows, proxy: Proxy(), se:cdp: ws://localhost:60188/devtoo..., se:cdpVersion: 120.0.6099.110, setWindowRect: true, strictFileInteractability: false, timeouts: {implicit: 0, pageLoad: 300000, script: 30000}, unhandledPromptBehavior: dismiss and notify, webauthn:extension:credBlob: true, webauthn:extension:largeBlob: true, webauthn:extension:minPinLength: true, webauthn:extension:prf: true, webauthn:virtualAuthenticators: true}
Session ID: ed173c3c0690cd7e5675e4b8232300ff"
              >
<![CDATA[org.openqa.selenium.TimeoutException: Expected condition failed: waiting for visibility of element located by By.xpath: //div[text()='メールアドレス']/parent::div/following-sibling::div[contains(@class,'text-error')] (tried for 30 second(s) with 500 milliseconds interval)
Build info: version: '4.11.0', revision: '040bc5406b'
System info: os.name: 'Windows 11', os.arch: 'amd64', os.version: '10.0', java.version: '11.0.17'
Driver info: org.openqa.selenium.chrome.ChromeDriver
Capabilities {acceptInsecureCerts: false, browserName: chrome, browserVersion: 120.0.6099.110, chrome: {chromedriverVersion: 120.0.6099.71 (9729082fe617..., userDataDir: C:\Users\LyDT\AppData\Local...}, fedcm:accounts: true, goog:chromeOptions: {debuggerAddress: localhost:60188}, networkConnectionEnabled: false, pageLoadStrategy: normal, platformName: windows, proxy: Proxy(), se:cdp: ws://localhost:60188/devtoo..., se:cdpVersion: 120.0.6099.110, setWindowRect: true, strictFileInteractability: false, timeouts: {implicit: 0, pageLoad: 300000, script: 30000}, unhandledPromptBehavior: dismiss and notify, webauthn:extension:credBlob: true, webauthn:extension:largeBlob: true, webauthn:extension:minPinLength: true, webauthn:extension:prf: true, webauthn:virtualAuthenticators: true}
Session ID: ed173c3c0690cd7e5675e4b8232300ff
  org.openqa.selenium.support.ui.WebDriverWait.timeoutException(WebDriverWait.java:84)
  org.openqa.selenium.support.ui.FluentWait.until(FluentWait.java:230)
  commons.BasePage.waitForElementVisible(BasePage.java:578)
  pageObject.UserRegisterCA201PO.getTextError(UserRegisterCA201PO.java:74)
  ProjectEnas.UserRegister_Step1.CA201_13_Check_Success(UserRegister_Step1.java:441)
  java.base/jdk.internal.reflect.NativeMethodAccessorImpl.invoke0(Native Method)
  java.base/jdk.internal.reflect.NativeMethodAccessorImpl.invoke(NativeMethodAccessorImpl.java:62)
  java.base/jdk.internal.reflect.DelegatingMethodAccessorImpl.invoke(DelegatingMethodAccessorImpl.java:43)
  java.base/java.lang.reflect.Method.invoke(Method.java:566)
  org.testng.internal.MethodInvocationHelper.invokeMethod(MethodInvocationHelper.java:124)
  org.testng.internal.Invoker.invokeMethod(Invoker.java:583)
  org.testng.internal.Invoker.invokeTestMethod(Invoker.java:719)
  org.testng.internal.Invoker.invokeTestMethods(Invoker.java:989)
  org.testng.internal.TestMethodWorker.invokeTestMethods(TestMethodWorker.java:125)
  org.testng.internal.TestMethodWorker.run(TestMethodWorker.java:109)
  org.testng.TestRunner.privateRun(TestRunner.java:648)
  org.testng.TestRunner.run(TestRunner.java:505)
  org.testng.SuiteRunner.runTest(SuiteRunner.java:455)
  org.testng.SuiteRunner.runSequentially(SuiteRunner.java:450)
  org.testng.SuiteRunner.privateRun(SuiteRunner.java:415)
  org.testng.SuiteRunner.run(SuiteRunner.java:364)
  org.testng.SuiteRunnerWorker.runSuite(SuiteRunnerWorker.java:52)
  org.testng.SuiteRunnerWorker.run(SuiteRunnerWorker.java:84)
  org.testng.TestNG.runSuitesSequentially(TestNG.java:1208)
  org.testng.TestNG.runSuitesLocally(TestNG.java:1137)
  org.testng.TestNG.runSuites(TestNG.java:1049)
  org.testng.TestNG.run(TestNG.java:1017)
  org.testng.remote.AbstractRemoteTestNG.run(AbstractRemoteTestNG.java:115)
  org.testng.remote.RemoteTestNG.initAndRun(RemoteTestNG.java:251)
  org.testng.remote.RemoteTestNG.main(RemoteTestNG.java:77)
]]>
      </failure>

          </testcase>
  
  
            <testcase name="CA201_10_Check_Password_Valid" time="31.021" classname="ProjectEnas.UserRegister_Step1" />
                <testcase name="CA201_12_Check_Email_Exist" time="4.482" classname="ProjectEnas.UserRegister_Step1" />
                <testcase name="CA201_05_Check_Input_Blank" time="5.259" classname="ProjectEnas.UserRegister_Step1" />
                <testcase name="CA201_06_Check_Name_Valid" time="10.429" classname="ProjectEnas.UserRegister_Step1" />
                <testcase name="CA201_09_Check_Email_InValid" time="1.733" classname="ProjectEnas.UserRegister_Step1" />
                <testcase name="CA201_11_Check_Password_InValid" time="9.741" classname="ProjectEnas.UserRegister_Step1" />
                <testcase name="CA201_08_Check_Email_Valid" time="20.856" classname="ProjectEnas.UserRegister_Step1" />
                <testcase name="CA201_04_CheckUI" time="3.959" classname="ProjectEnas.UserRegister_Step1" />
                <testcase name="CA200_01__CheckUI" time="0.648" classname="ProjectEnas.UserRegister_Step1" />
                <testcase name="CA200_02_CheckTextLink" time="4.631" classname="ProjectEnas.UserRegister_Step1" />
                <testcase name="CA201_07_Check_Name_InValid" time="0.940" classname="ProjectEnas.UserRegister_Step1" />
      
</testsuite>
