<?xml version="1.0" encoding="UTF-8"?>
<testsuite name="Run on Headless Chrome"
           tests="10"
           failures="1"
           errors="0"
           skipped="0"
           time="346.917">
  <properties />
            <testcase name="CA204_03_Check_Input_Vaild" time="1.327" classname="ProjectEnas.UserRegister_Step2_Membership">
                <failure type="java.lang.AssertionError"
                  message="expected [10 桁または11桁の値を入力してください。] but found []"
              >
<![CDATA[java.lang.AssertionError: expected [10 桁または11桁の値を入力してください。] but found []
  org.testng.Assert.fail(Assert.java:96)
  org.testng.Assert.failNotEquals(Assert.java:776)
  org.testng.Assert.assertEqualsImpl(Assert.java:137)
  org.testng.Assert.assertEquals(Assert.java:118)
  org.testng.Assert.assertEquals(Assert.java:453)
  org.testng.Assert.assertEquals(Assert.java:463)
  ProjectEnas.UserRegister_Step2_Membership.CA204_03_Check_Input_Vaild(UserRegister_Step2_Membership.java:234)
  java.base/jdk.internal.reflect.NativeMethodAccessorImpl.invoke0(Native Method)
  java.base/jdk.internal.reflect.NativeMethodAccessorImpl.invoke(NativeMethodAccessorImpl.java:62)
  java.base/jdk.internal.reflect.DelegatingMethodAccessorImpl.invoke(DelegatingMethodAccessorImpl.java:43)
  java.base/java.lang.reflect.Method.invoke(Method.java:566)
  org.testng.internal.MethodInvocationHelper.invokeMethod(MethodInvocationHelper.java:124)
  org.testng.internal.Invoker.invokeMethod(Invoker.java:583)
  org.testng.internal.Invoker.invokeTestMethod(Invoker.java:719)
  org.testng.internal.Invoker.invokeTestMethods(Invoker.java:989)
  org.testng.internal.TestMethodWorker.invokeTestMethods(TestMethodWorker.java:125)
  org.testng.internal.TestMethodWorker.run(TestMethodWorker.java:109)
  org.testng.TestRunner.privateRun(TestRunner.java:648)
  org.testng.TestRunner.run(TestRunner.java:505)
  org.testng.SuiteRunner.runTest(SuiteRunner.java:455)
  org.testng.SuiteRunner.runSequentially(SuiteRunner.java:450)
  org.testng.SuiteRunner.privateRun(SuiteRunner.java:415)
  org.testng.SuiteRunner.run(SuiteRunner.java:364)
  org.testng.SuiteRunnerWorker.runSuite(SuiteRunnerWorker.java:52)
  org.testng.SuiteRunnerWorker.run(SuiteRunnerWorker.java:84)
  org.testng.TestNG.runSuitesSequentially(TestNG.java:1208)
  org.testng.TestNG.runSuitesLocally(TestNG.java:1137)
  org.testng.TestNG.runSuites(TestNG.java:1049)
  org.testng.TestNG.run(TestNG.java:1017)
  org.testng.remote.AbstractRemoteTestNG.run(AbstractRemoteTestNG.java:115)
  org.testng.remote.RemoteTestNG.initAndRun(RemoteTestNG.java:251)
  org.testng.remote.RemoteTestNG.main(RemoteTestNG.java:77)
]]>
      </failure>

          </testcase>
  
  
            <testcase name="CA203_05_Check_Input_Valid" time="117.374" classname="ProjectEnas.UserRegister_Step2_Membership" />
                <testcase name="CA202_01_Check_Success" time="1.364" classname="ProjectEnas.UserRegister_Step2_Membership" />
                <testcase name="CA204_01_Check_UI" time="1.043" classname="ProjectEnas.UserRegister_Step2_Membership" />
                <testcase name="CA203_01_Login_Site_Third" time="60.023" classname="ProjectEnas.UserRegister_Step2_Membership" />
                <testcase name="CA204_04_Check_Action_Success" time="147.234" classname="ProjectEnas.UserRegister_Step2_Membership" />
                <testcase name="CA203_04_Check_Input_InValid" time="9.355" classname="ProjectEnas.UserRegister_Step2_Membership" />
                <testcase name="CA204_02_Check_Input_Blank" time="7.764" classname="ProjectEnas.UserRegister_Step2_Membership" />
                <testcase name="CA203_02_Check_UI" time="0.636" classname="ProjectEnas.UserRegister_Step2_Membership" />
                <testcase name="CA203_03_Check_Input_Blank" time="0.797" classname="ProjectEnas.UserRegister_Step2_Membership" />
      
</testsuite>
