<!DOCTYPE html PUBLIC "-//W3C//DTD XHTML 1.1//EN" "http://www.w3.org/TR/xhtml11/DTD/xhtml11.dtd">
<html xmlns="http://www.w3.org/1999/xhtml">
<head>
<meta http-equiv="content-type" content="text/html; charset=UTF-8"/>
<title>TestNG Report</title>
<style type="text/css">table {margin-bottom:10px;border-collapse:collapse;empty-cells:show}th,td {border:1px solid #009;padding:.25em .5em}th {vertical-align:bottom}td {vertical-align:top}table a {font-weight:bold}.stripe td {background-color: #E6EBF9}.num {text-align:right}.passedodd td {background-color: #3F3}.passedeven td {background-color: #0A0}.skippedodd td {background-color: #DDD}.skippedeven td {background-color: #CCC}.failedodd td,.attn {background-color: #F33}.failedeven td,.stripe .attn {background-color: #D00}.stacktrace {white-space:pre;font-family:monospace}.totop {font-size:85%;text-align:center;border-bottom:2px solid #000}.invisible {display:none}</style>
</head>
<body>
<table>
<tr><th>Test</th><th># Passed</th><th># Skipped</th><th># Failed</th><th>Time (ms)</th><th>Included Groups</th><th>Excluded Groups</th></tr>
<tr><th colspan="7">Enas Project</th></tr>
<tr><td><a href="#t0">Run on Headless Chrome</a></td><td class="num">4</td><td class="num">0</td><td class="num attn">11</td><td class="num">325,959</td><td></td><td></td></tr>
</table>
<table id='summary'><thead><tr><th>Class</th><th>Method</th><th>Start</th><th>Time (ms)</th></tr></thead><tbody><tr><th colspan="4">Enas Project</th></tr></tbody><tbody id="t0"><tr><th colspan="4">Run on Headless Chrome &#8212; failed</th></tr><tr class="failedeven"><td rowspan="11">ProjectEnas.CF203_Full_Name</td><td><a href="#m0">TC_01b_Check_UI_Default_Form</a></td><td rowspan="1">1704799947482</td><td rowspan="1">43</td></tr><tr class="failedeven"><td><a href="#m1">TC_03b_Check_Display_Item_Select_Name_Radiobutton_Form</a></td><td rowspan="1">1704799968667</td><td rowspan="1">29</td></tr><tr class="failedeven"><td><a href="#m2">TC_04b_Check_Display_Item_Select_Name_Furigana_Radiobutton_Form</a></td><td rowspan="1">1704799984451</td><td rowspan="1">30439</td></tr><tr class="failedeven"><td><a href="#m3">TC_05_Check_Change_Value_FullName_Title</a></td><td rowspan="1">1704800015024</td><td rowspan="1">32194</td></tr><tr class="failedeven"><td><a href="#m4">TC_06_Check_Change_LastName</a></td><td rowspan="1">1704800047387</td><td rowspan="1">30062</td></tr><tr class="failedeven"><td><a href="#m5">TC_07_Check_Change_FirstName</a></td><td rowspan="1">1704800077612</td><td rowspan="1">30069</td></tr><tr class="failedeven"><td><a href="#m6">TC_08_Check_Change_FullName_Furigana_Title</a></td><td rowspan="1">1704800107826</td><td rowspan="1">30023</td></tr><tr class="failedeven"><td><a href="#m7">TC_09_Check_Change_LastName_Furigana</a></td><td rowspan="1">1704800137983</td><td rowspan="1">30011</td></tr><tr class="failedeven"><td><a href="#m8">TC_10_Check_Change_FirstName_Furigana</a></td><td rowspan="1">1704800168156</td><td rowspan="1">30055</td></tr><tr class="failedeven"><td><a href="#m9">TC_11_Check_change_value_General_Explanation</a></td><td rowspan="1">1704800198344</td><td rowspan="1">30054</td></tr><tr class="failedeven"><td><a href="#m10">TC_12_Check_change_value_Additional_Explanation</a></td><td rowspan="1">1704800228539</td><td rowspan="1">30042</td></tr><tr><th colspan="4">Run on Headless Chrome &#8212; passed</th></tr><tr class="passedeven"><td rowspan="4">ProjectEnas.CF203_Full_Name</td><td><a href="#m11">TC_01a_Check_UI_Default_Menu</a></td><td rowspan="1">1704799938189</td><td rowspan="1">9195</td></tr><tr class="passedeven"><td><a href="#m12">TC_02_Click_On_Switch_Required</a></td><td rowspan="1">1704799947698</td><td rowspan="1">5260</td></tr><tr class="passedeven"><td><a href="#m13">TC_03a_Check_Action_Select_Name_Radiobutton_Menu</a></td><td rowspan="1">1704799952962</td><td rowspan="1">15703</td></tr><tr class="passedeven"><td><a href="#m14">TC_04a_Check_Action_Select_Name_Furigana_Radiobutton_Menu</a></td><td rowspan="1">1704799968861</td><td rowspan="1">15587</td></tr></tbody>
</table>
<h2>Run on Headless Chrome</h2><h3 id="m0">ProjectEnas.CF203_Full_Name#TC_01b_Check_UI_Default_Form</h3><table class="result"><tr><th>Exception</th></tr><tr><td><div class="stacktrace">java.lang.AssertionError: expected [名前] but found [タイトル]
	at ProjectEnas.CF203_Full_Name.TC_01b_Check_UI_Default_Form(CF203_Full_Name.java:108)
... Removed 31 stack frames</div></td></tr></table><p class="totop"><a href="#summary">back to summary</a></p>
<h3 id="m1">ProjectEnas.CF203_Full_Name#TC_03b_Check_Display_Item_Select_Name_Radiobutton_Form</h3><table class="result"><tr><th>Exception</th></tr><tr><td><div class="stacktrace">java.lang.AssertionError: expected [名前] but found [タイトル]
	at ProjectEnas.CF203_Full_Name.TC_03b_Check_Display_Item_Select_Name_Radiobutton_Form(CF203_Full_Name.java:191)
... Removed 31 stack frames</div></td></tr></table><p class="totop"><a href="#summary">back to summary</a></p>
<h3 id="m2">ProjectEnas.CF203_Full_Name#TC_04b_Check_Display_Item_Select_Name_Furigana_Radiobutton_Form</h3><table class="result"><tr><th>Exception</th></tr><tr><td><div class="stacktrace">java.lang.AssertionError: expected [true] but found [false]
	at commons.BaseTest.verifyTrue(BaseTest.java:160)
	at ProjectEnas.CF203_Full_Name.TC_04b_Check_Display_Item_Select_Name_Furigana_Radiobutton_Form(CF203_Full_Name.java:239)
... Removed 29 stack frames</div></td></tr></table><p class="totop"><a href="#summary">back to summary</a></p>
<h3 id="m3">ProjectEnas.CF203_Full_Name#TC_05_Check_Change_Value_FullName_Title</h3><table class="result"><tr><th>Exception</th></tr><tr><td><div class="stacktrace">java.lang.Throwable: Multiple failures (9):
Failure 1 of 9
java.lang.AssertionError: expected [true] but found [false]
	at commons.BaseTest.verifyTrue(BaseTest.java:160)
	at ProjectEnas.CF203_Full_Name.TC_05_Check_Change_Value_FullName_Title(CF203_Full_Name.java:265)

Failure 2 of 9
java.lang.AssertionError: expected [true] but found [false]
	at commons.BaseTest.verifyTrue(BaseTest.java:160)
	at ProjectEnas.CF203_Full_Name.TC_05_Check_Change_Value_FullName_Title(CF203_Full_Name.java:267)

Failure 3 of 9
java.lang.AssertionError: expected [true] but found [false]
	at commons.BaseTest.verifyTrue(BaseTest.java:160)
	at ProjectEnas.CF203_Full_Name.TC_05_Check_Change_Value_FullName_Title(CF203_Full_Name.java:269)

Failure 4 of 9
java.lang.AssertionError: expected [true] but found [false]
	at commons.BaseTest.verifyTrue(BaseTest.java:160)
	at ProjectEnas.CF203_Full_Name.TC_05_Check_Change_Value_FullName_Title(CF203_Full_Name.java:271)

Failure 5 of 9
java.lang.AssertionError: expected [true] but found [false]
	at commons.BaseTest.verifyTrue(BaseTest.java:160)
	at ProjectEnas.CF203_Full_Name.TC_05_Check_Change_Value_FullName_Title(CF203_Full_Name.java:273)

Failure 6 of 9
java.lang.AssertionError: expected [true] but found [false]
	at commons.BaseTest.verifyTrue(BaseTest.java:160)
	at ProjectEnas.CF203_Full_Name.TC_05_Check_Change_Value_FullName_Title(CF203_Full_Name.java:275)

Failure 7 of 9
java.lang.AssertionError: expected [true] but found [false]
	at commons.BaseTest.verifyTrue(BaseTest.java:160)
	at ProjectEnas.CF203_Full_Name.TC_05_Check_Change_Value_FullName_Title(CF203_Full_Name.java:277)

Failure 8 of 9
java.lang.AssertionError: expected [true] but found [false]
	at commons.BaseTest.verifyTrue(BaseTest.java:160)
	at ProjectEnas.CF203_Full_Name.TC_05_Check_Change_Value_FullName_Title(CF203_Full_Name.java:279)

Failure 9 of 9
java.lang.AssertionError: expected [true] but found [false]
	at commons.BaseTest.verifyTrue(BaseTest.java:160)
	at ProjectEnas.CF203_Full_Name.TC_05_Check_Change_Value_FullName_Title(CF203_Full_Name.java:281)
... Removed 261 stack frames</div></td></tr></table><p class="totop"><a href="#summary">back to summary</a></p>
<h3 id="m4">ProjectEnas.CF203_Full_Name#TC_06_Check_Change_LastName</h3><table class="result"><tr><th>Exception</th></tr><tr><td><div class="stacktrace">org.openqa.selenium.NoSuchElementException: no such element: Unable to locate element: {&quot;method&quot;:&quot;xpath&quot;,&quot;selector&quot;:&quot;//div[text()=&apos;姓&apos;]/following-sibling::input&quot;}
  (Session info: chrome=120.0.6099.131)
For documentation on this error, please visit: https://www.selenium.dev/documentation/webdriver/troubleshooting/errors#no-such-element-exception
Build info: version: &apos;4.11.0&apos;, revision: &apos;040bc5406b&apos;
System info: os.name: &apos;Windows 11&apos;, os.arch: &apos;amd64&apos;, os.version: &apos;10.0&apos;, java.version: &apos;11.0.17&apos;
Driver info: org.openqa.selenium.chrome.ChromeDriver
Command: [ca852fe631dd971a84256e51bb7fcc23, findElement {using=xpath, value=//div[text()=&apos;姓&apos;]/following-sibling::input}]
Capabilities {acceptInsecureCerts: false, browserName: chrome, browserVersion: 120.0.6099.131, chrome: {chromedriverVersion: 120.0.6099.109 (3419140ab66..., userDataDir: C:\Users\LyDT\AppData\Local...}, fedcm:accounts: true, goog:chromeOptions: {debuggerAddress: localhost:59601}, networkConnectionEnabled: false, pageLoadStrategy: normal, platformName: windows, proxy: Proxy(), se:cdp: ws://localhost:59601/devtoo..., se:cdpVersion: 120.0.6099.131, setWindowRect: true, strictFileInteractability: false, timeouts: {implicit: 0, pageLoad: 300000, script: 30000}, unhandledPromptBehavior: dismiss and notify, webauthn:extension:credBlob: true, webauthn:extension:largeBlob: true, webauthn:extension:minPinLength: true, webauthn:extension:prf: true, webauthn:virtualAuthenticators: true}
Session ID: ca852fe631dd971a84256e51bb7fcc23
	at org.openqa.selenium.remote.codec.w3c.W3CHttpResponseCodec.createException(W3CHttpResponseCodec.java:200)
	at org.openqa.selenium.remote.codec.w3c.W3CHttpResponseCodec.decode(W3CHttpResponseCodec.java:133)
	at org.openqa.selenium.remote.codec.w3c.W3CHttpResponseCodec.decode(W3CHttpResponseCodec.java:52)
	at org.openqa.selenium.remote.HttpCommandExecutor.execute(HttpCommandExecutor.java:191)
	at org.openqa.selenium.remote.service.DriverCommandExecutor.invokeExecute(DriverCommandExecutor.java:196)
	at org.openqa.selenium.remote.service.DriverCommandExecutor.execute(DriverCommandExecutor.java:171)
	at org.openqa.selenium.remote.RemoteWebDriver.execute(RemoteWebDriver.java:518)
	at org.openqa.selenium.remote.ElementLocation$ElementFinder$2.findElement(ElementLocation.java:165)
	at org.openqa.selenium.remote.ElementLocation.findElement(ElementLocation.java:59)
	at org.openqa.selenium.remote.RemoteWebDriver.findElement(RemoteWebDriver.java:355)
	at org.openqa.selenium.remote.RemoteWebDriver.findElement(RemoteWebDriver.java:349)
	at commons.BasePage.getWebElement(BasePage.java:198)
	at commons.BasePage.clearValueInElementPressKey(BasePage.java:240)
	at pageObject.CommonDrapDropPO.inputValueComponentMenu(CommonDrapDropPO.java:68)
	at ProjectEnas.CF203_Full_Name.TC_06_Check_Change_LastName(CF203_Full_Name.java:307)
... Removed 29 stack frames</div></td></tr></table><p class="totop"><a href="#summary">back to summary</a></p>
<h3 id="m5">ProjectEnas.CF203_Full_Name#TC_07_Check_Change_FirstName</h3><table class="result"><tr><th>Exception</th></tr><tr><td><div class="stacktrace">org.openqa.selenium.NoSuchElementException: no such element: Unable to locate element: {&quot;method&quot;:&quot;xpath&quot;,&quot;selector&quot;:&quot;//div[text()=&apos;名&apos;]/following-sibling::input&quot;}
  (Session info: chrome=120.0.6099.131)
For documentation on this error, please visit: https://www.selenium.dev/documentation/webdriver/troubleshooting/errors#no-such-element-exception
Build info: version: &apos;4.11.0&apos;, revision: &apos;040bc5406b&apos;
System info: os.name: &apos;Windows 11&apos;, os.arch: &apos;amd64&apos;, os.version: &apos;10.0&apos;, java.version: &apos;11.0.17&apos;
Driver info: org.openqa.selenium.chrome.ChromeDriver
Command: [ca852fe631dd971a84256e51bb7fcc23, findElement {using=xpath, value=//div[text()=&apos;名&apos;]/following-sibling::input}]
Capabilities {acceptInsecureCerts: false, browserName: chrome, browserVersion: 120.0.6099.131, chrome: {chromedriverVersion: 120.0.6099.109 (3419140ab66..., userDataDir: C:\Users\LyDT\AppData\Local...}, fedcm:accounts: true, goog:chromeOptions: {debuggerAddress: localhost:59601}, networkConnectionEnabled: false, pageLoadStrategy: normal, platformName: windows, proxy: Proxy(), se:cdp: ws://localhost:59601/devtoo..., se:cdpVersion: 120.0.6099.131, setWindowRect: true, strictFileInteractability: false, timeouts: {implicit: 0, pageLoad: 300000, script: 30000}, unhandledPromptBehavior: dismiss and notify, webauthn:extension:credBlob: true, webauthn:extension:largeBlob: true, webauthn:extension:minPinLength: true, webauthn:extension:prf: true, webauthn:virtualAuthenticators: true}
Session ID: ca852fe631dd971a84256e51bb7fcc23
	at org.openqa.selenium.remote.codec.w3c.W3CHttpResponseCodec.createException(W3CHttpResponseCodec.java:200)
	at org.openqa.selenium.remote.codec.w3c.W3CHttpResponseCodec.decode(W3CHttpResponseCodec.java:133)
	at org.openqa.selenium.remote.codec.w3c.W3CHttpResponseCodec.decode(W3CHttpResponseCodec.java:52)
	at org.openqa.selenium.remote.HttpCommandExecutor.execute(HttpCommandExecutor.java:191)
	at org.openqa.selenium.remote.service.DriverCommandExecutor.invokeExecute(DriverCommandExecutor.java:196)
	at org.openqa.selenium.remote.service.DriverCommandExecutor.execute(DriverCommandExecutor.java:171)
	at org.openqa.selenium.remote.RemoteWebDriver.execute(RemoteWebDriver.java:518)
	at org.openqa.selenium.remote.ElementLocation$ElementFinder$2.findElement(ElementLocation.java:165)
	at org.openqa.selenium.remote.ElementLocation.findElement(ElementLocation.java:59)
	at org.openqa.selenium.remote.RemoteWebDriver.findElement(RemoteWebDriver.java:355)
	at org.openqa.selenium.remote.RemoteWebDriver.findElement(RemoteWebDriver.java:349)
	at commons.BasePage.getWebElement(BasePage.java:198)
	at commons.BasePage.clearValueInElementPressKey(BasePage.java:240)
	at pageObject.CommonDrapDropPO.inputValueComponentMenu(CommonDrapDropPO.java:68)
	at ProjectEnas.CF203_Full_Name.TC_07_Check_Change_FirstName(CF203_Full_Name.java:330)
... Removed 29 stack frames</div></td></tr></table><p class="totop"><a href="#summary">back to summary</a></p>
<h3 id="m6">ProjectEnas.CF203_Full_Name#TC_08_Check_Change_FullName_Furigana_Title</h3><table class="result"><tr><th>Exception</th></tr><tr><td><div class="stacktrace">org.openqa.selenium.NoSuchElementException: no such element: Unable to locate element: {&quot;method&quot;:&quot;xpath&quot;,&quot;selector&quot;:&quot;//div[text()=&apos;フリガナ（タイトル）&apos;]/following-sibling::input&quot;}
  (Session info: chrome=120.0.6099.131)
For documentation on this error, please visit: https://www.selenium.dev/documentation/webdriver/troubleshooting/errors#no-such-element-exception
Build info: version: &apos;4.11.0&apos;, revision: &apos;040bc5406b&apos;
System info: os.name: &apos;Windows 11&apos;, os.arch: &apos;amd64&apos;, os.version: &apos;10.0&apos;, java.version: &apos;11.0.17&apos;
Driver info: org.openqa.selenium.chrome.ChromeDriver
Command: [ca852fe631dd971a84256e51bb7fcc23, findElement {using=xpath, value=//div[text()=&apos;フリガナ（タイトル）&apos;]/following-sibling::input}]
Capabilities {acceptInsecureCerts: false, browserName: chrome, browserVersion: 120.0.6099.131, chrome: {chromedriverVersion: 120.0.6099.109 (3419140ab66..., userDataDir: C:\Users\LyDT\AppData\Local...}, fedcm:accounts: true, goog:chromeOptions: {debuggerAddress: localhost:59601}, networkConnectionEnabled: false, pageLoadStrategy: normal, platformName: windows, proxy: Proxy(), se:cdp: ws://localhost:59601/devtoo..., se:cdpVersion: 120.0.6099.131, setWindowRect: true, strictFileInteractability: false, timeouts: {implicit: 0, pageLoad: 300000, script: 30000}, unhandledPromptBehavior: dismiss and notify, webauthn:extension:credBlob: true, webauthn:extension:largeBlob: true, webauthn:extension:minPinLength: true, webauthn:extension:prf: true, webauthn:virtualAuthenticators: true}
Session ID: ca852fe631dd971a84256e51bb7fcc23
	at org.openqa.selenium.remote.codec.w3c.W3CHttpResponseCodec.createException(W3CHttpResponseCodec.java:200)
	at org.openqa.selenium.remote.codec.w3c.W3CHttpResponseCodec.decode(W3CHttpResponseCodec.java:133)
	at org.openqa.selenium.remote.codec.w3c.W3CHttpResponseCodec.decode(W3CHttpResponseCodec.java:52)
	at org.openqa.selenium.remote.HttpCommandExecutor.execute(HttpCommandExecutor.java:191)
	at org.openqa.selenium.remote.service.DriverCommandExecutor.invokeExecute(DriverCommandExecutor.java:196)
	at org.openqa.selenium.remote.service.DriverCommandExecutor.execute(DriverCommandExecutor.java:171)
	at org.openqa.selenium.remote.RemoteWebDriver.execute(RemoteWebDriver.java:518)
	at org.openqa.selenium.remote.ElementLocation$ElementFinder$2.findElement(ElementLocation.java:165)
	at org.openqa.selenium.remote.ElementLocation.findElement(ElementLocation.java:59)
	at org.openqa.selenium.remote.RemoteWebDriver.findElement(RemoteWebDriver.java:355)
	at org.openqa.selenium.remote.RemoteWebDriver.findElement(RemoteWebDriver.java:349)
	at commons.BasePage.getWebElement(BasePage.java:198)
	at commons.BasePage.clearValueInElementPressKey(BasePage.java:240)
	at pageObject.CommonDrapDropPO.inputValueComponentMenu(CommonDrapDropPO.java:68)
	at ProjectEnas.CF203_Full_Name.TC_08_Check_Change_FullName_Furigana_Title(CF203_Full_Name.java:353)
... Removed 29 stack frames</div></td></tr></table><p class="totop"><a href="#summary">back to summary</a></p>
<h3 id="m7">ProjectEnas.CF203_Full_Name#TC_09_Check_Change_LastName_Furigana</h3><table class="result"><tr><th>Exception</th></tr><tr><td><div class="stacktrace">org.openqa.selenium.NoSuchElementException: no such element: Unable to locate element: {&quot;method&quot;:&quot;xpath&quot;,&quot;selector&quot;:&quot;//div[text()=&apos;セイ&apos;]/following-sibling::input&quot;}
  (Session info: chrome=120.0.6099.131)
For documentation on this error, please visit: https://www.selenium.dev/documentation/webdriver/troubleshooting/errors#no-such-element-exception
Build info: version: &apos;4.11.0&apos;, revision: &apos;040bc5406b&apos;
System info: os.name: &apos;Windows 11&apos;, os.arch: &apos;amd64&apos;, os.version: &apos;10.0&apos;, java.version: &apos;11.0.17&apos;
Driver info: org.openqa.selenium.chrome.ChromeDriver
Command: [ca852fe631dd971a84256e51bb7fcc23, findElement {using=xpath, value=//div[text()=&apos;セイ&apos;]/following-sibling::input}]
Capabilities {acceptInsecureCerts: false, browserName: chrome, browserVersion: 120.0.6099.131, chrome: {chromedriverVersion: 120.0.6099.109 (3419140ab66..., userDataDir: C:\Users\LyDT\AppData\Local...}, fedcm:accounts: true, goog:chromeOptions: {debuggerAddress: localhost:59601}, networkConnectionEnabled: false, pageLoadStrategy: normal, platformName: windows, proxy: Proxy(), se:cdp: ws://localhost:59601/devtoo..., se:cdpVersion: 120.0.6099.131, setWindowRect: true, strictFileInteractability: false, timeouts: {implicit: 0, pageLoad: 300000, script: 30000}, unhandledPromptBehavior: dismiss and notify, webauthn:extension:credBlob: true, webauthn:extension:largeBlob: true, webauthn:extension:minPinLength: true, webauthn:extension:prf: true, webauthn:virtualAuthenticators: true}
Session ID: ca852fe631dd971a84256e51bb7fcc23
	at org.openqa.selenium.remote.codec.w3c.W3CHttpResponseCodec.createException(W3CHttpResponseCodec.java:200)
	at org.openqa.selenium.remote.codec.w3c.W3CHttpResponseCodec.decode(W3CHttpResponseCodec.java:133)
	at org.openqa.selenium.remote.codec.w3c.W3CHttpResponseCodec.decode(W3CHttpResponseCodec.java:52)
	at org.openqa.selenium.remote.HttpCommandExecutor.execute(HttpCommandExecutor.java:191)
	at org.openqa.selenium.remote.service.DriverCommandExecutor.invokeExecute(DriverCommandExecutor.java:196)
	at org.openqa.selenium.remote.service.DriverCommandExecutor.execute(DriverCommandExecutor.java:171)
	at org.openqa.selenium.remote.RemoteWebDriver.execute(RemoteWebDriver.java:518)
	at org.openqa.selenium.remote.ElementLocation$ElementFinder$2.findElement(ElementLocation.java:165)
	at org.openqa.selenium.remote.ElementLocation.findElement(ElementLocation.java:59)
	at org.openqa.selenium.remote.RemoteWebDriver.findElement(RemoteWebDriver.java:355)
	at org.openqa.selenium.remote.RemoteWebDriver.findElement(RemoteWebDriver.java:349)
	at commons.BasePage.getWebElement(BasePage.java:198)
	at commons.BasePage.clearValueInElementPressKey(BasePage.java:240)
	at pageObject.CommonDrapDropPO.inputValueComponentMenu(CommonDrapDropPO.java:68)
	at ProjectEnas.CF203_Full_Name.TC_09_Check_Change_LastName_Furigana(CF203_Full_Name.java:395)
... Removed 29 stack frames</div></td></tr></table><p class="totop"><a href="#summary">back to summary</a></p>
<h3 id="m8">ProjectEnas.CF203_Full_Name#TC_10_Check_Change_FirstName_Furigana</h3><table class="result"><tr><th>Exception</th></tr><tr><td><div class="stacktrace">org.openqa.selenium.NoSuchElementException: no such element: Unable to locate element: {&quot;method&quot;:&quot;xpath&quot;,&quot;selector&quot;:&quot;//div[text()=&apos;メイ&apos;]/following-sibling::input&quot;}
  (Session info: chrome=120.0.6099.131)
For documentation on this error, please visit: https://www.selenium.dev/documentation/webdriver/troubleshooting/errors#no-such-element-exception
Build info: version: &apos;4.11.0&apos;, revision: &apos;040bc5406b&apos;
System info: os.name: &apos;Windows 11&apos;, os.arch: &apos;amd64&apos;, os.version: &apos;10.0&apos;, java.version: &apos;11.0.17&apos;
Driver info: org.openqa.selenium.chrome.ChromeDriver
Command: [ca852fe631dd971a84256e51bb7fcc23, findElement {using=xpath, value=//div[text()=&apos;メイ&apos;]/following-sibling::input}]
Capabilities {acceptInsecureCerts: false, browserName: chrome, browserVersion: 120.0.6099.131, chrome: {chromedriverVersion: 120.0.6099.109 (3419140ab66..., userDataDir: C:\Users\LyDT\AppData\Local...}, fedcm:accounts: true, goog:chromeOptions: {debuggerAddress: localhost:59601}, networkConnectionEnabled: false, pageLoadStrategy: normal, platformName: windows, proxy: Proxy(), se:cdp: ws://localhost:59601/devtoo..., se:cdpVersion: 120.0.6099.131, setWindowRect: true, strictFileInteractability: false, timeouts: {implicit: 0, pageLoad: 300000, script: 30000}, unhandledPromptBehavior: dismiss and notify, webauthn:extension:credBlob: true, webauthn:extension:largeBlob: true, webauthn:extension:minPinLength: true, webauthn:extension:prf: true, webauthn:virtualAuthenticators: true}
Session ID: ca852fe631dd971a84256e51bb7fcc23
	at org.openqa.selenium.remote.codec.w3c.W3CHttpResponseCodec.createException(W3CHttpResponseCodec.java:200)
	at org.openqa.selenium.remote.codec.w3c.W3CHttpResponseCodec.decode(W3CHttpResponseCodec.java:133)
	at org.openqa.selenium.remote.codec.w3c.W3CHttpResponseCodec.decode(W3CHttpResponseCodec.java:52)
	at org.openqa.selenium.remote.HttpCommandExecutor.execute(HttpCommandExecutor.java:191)
	at org.openqa.selenium.remote.service.DriverCommandExecutor.invokeExecute(DriverCommandExecutor.java:196)
	at org.openqa.selenium.remote.service.DriverCommandExecutor.execute(DriverCommandExecutor.java:171)
	at org.openqa.selenium.remote.RemoteWebDriver.execute(RemoteWebDriver.java:518)
	at org.openqa.selenium.remote.ElementLocation$ElementFinder$2.findElement(ElementLocation.java:165)
	at org.openqa.selenium.remote.ElementLocation.findElement(ElementLocation.java:59)
	at org.openqa.selenium.remote.RemoteWebDriver.findElement(RemoteWebDriver.java:355)
	at org.openqa.selenium.remote.RemoteWebDriver.findElement(RemoteWebDriver.java:349)
	at commons.BasePage.getWebElement(BasePage.java:198)
	at commons.BasePage.clearValueInElementPressKey(BasePage.java:240)
	at pageObject.CommonDrapDropPO.inputValueComponentMenu(CommonDrapDropPO.java:68)
	at ProjectEnas.CF203_Full_Name.TC_10_Check_Change_FirstName_Furigana(CF203_Full_Name.java:418)
... Removed 29 stack frames</div></td></tr></table><p class="totop"><a href="#summary">back to summary</a></p>
<h3 id="m9">ProjectEnas.CF203_Full_Name#TC_11_Check_change_value_General_Explanation</h3><table class="result"><tr><th>Exception</th></tr><tr><td><div class="stacktrace">org.openqa.selenium.NoSuchElementException: no such element: Unable to locate element: {&quot;method&quot;:&quot;xpath&quot;,&quot;selector&quot;:&quot;//div[text()=&apos;概要説明&apos;]/following-sibling::textarea&quot;}
  (Session info: chrome=120.0.6099.131)
For documentation on this error, please visit: https://www.selenium.dev/documentation/webdriver/troubleshooting/errors#no-such-element-exception
Build info: version: &apos;4.11.0&apos;, revision: &apos;040bc5406b&apos;
System info: os.name: &apos;Windows 11&apos;, os.arch: &apos;amd64&apos;, os.version: &apos;10.0&apos;, java.version: &apos;11.0.17&apos;
Driver info: org.openqa.selenium.chrome.ChromeDriver
Command: [ca852fe631dd971a84256e51bb7fcc23, findElement {using=xpath, value=//div[text()=&apos;概要説明&apos;]/following-sibling::textarea}]
Capabilities {acceptInsecureCerts: false, browserName: chrome, browserVersion: 120.0.6099.131, chrome: {chromedriverVersion: 120.0.6099.109 (3419140ab66..., userDataDir: C:\Users\LyDT\AppData\Local...}, fedcm:accounts: true, goog:chromeOptions: {debuggerAddress: localhost:59601}, networkConnectionEnabled: false, pageLoadStrategy: normal, platformName: windows, proxy: Proxy(), se:cdp: ws://localhost:59601/devtoo..., se:cdpVersion: 120.0.6099.131, setWindowRect: true, strictFileInteractability: false, timeouts: {implicit: 0, pageLoad: 300000, script: 30000}, unhandledPromptBehavior: dismiss and notify, webauthn:extension:credBlob: true, webauthn:extension:largeBlob: true, webauthn:extension:minPinLength: true, webauthn:extension:prf: true, webauthn:virtualAuthenticators: true}
Session ID: ca852fe631dd971a84256e51bb7fcc23
	at org.openqa.selenium.remote.codec.w3c.W3CHttpResponseCodec.createException(W3CHttpResponseCodec.java:200)
	at org.openqa.selenium.remote.codec.w3c.W3CHttpResponseCodec.decode(W3CHttpResponseCodec.java:133)
	at org.openqa.selenium.remote.codec.w3c.W3CHttpResponseCodec.decode(W3CHttpResponseCodec.java:52)
	at org.openqa.selenium.remote.HttpCommandExecutor.execute(HttpCommandExecutor.java:191)
	at org.openqa.selenium.remote.service.DriverCommandExecutor.invokeExecute(DriverCommandExecutor.java:196)
	at org.openqa.selenium.remote.service.DriverCommandExecutor.execute(DriverCommandExecutor.java:171)
	at org.openqa.selenium.remote.RemoteWebDriver.execute(RemoteWebDriver.java:518)
	at org.openqa.selenium.remote.ElementLocation$ElementFinder$2.findElement(ElementLocation.java:165)
	at org.openqa.selenium.remote.ElementLocation.findElement(ElementLocation.java:59)
	at org.openqa.selenium.remote.RemoteWebDriver.findElement(RemoteWebDriver.java:355)
	at org.openqa.selenium.remote.RemoteWebDriver.findElement(RemoteWebDriver.java:349)
	at commons.BasePage.getWebElement(BasePage.java:198)
	at commons.BasePage.clearValueInElementPressKey(BasePage.java:240)
	at pageObject.CommonDrapDropPO.textareaValueComponentMenu(CommonDrapDropPO.java:91)
	at ProjectEnas.CF203_Full_Name.TC_11_Check_change_value_General_Explanation(CF203_Full_Name.java:441)
... Removed 29 stack frames</div></td></tr></table><p class="totop"><a href="#summary">back to summary</a></p>
<h3 id="m10">ProjectEnas.CF203_Full_Name#TC_12_Check_change_value_Additional_Explanation</h3><table class="result"><tr><th>Exception</th></tr><tr><td><div class="stacktrace">org.openqa.selenium.NoSuchElementException: no such element: Unable to locate element: {&quot;method&quot;:&quot;xpath&quot;,&quot;selector&quot;:&quot;//div[text()=&apos;補足説明&apos;]/following-sibling::textarea&quot;}
  (Session info: chrome=120.0.6099.131)
For documentation on this error, please visit: https://www.selenium.dev/documentation/webdriver/troubleshooting/errors#no-such-element-exception
Build info: version: &apos;4.11.0&apos;, revision: &apos;040bc5406b&apos;
System info: os.name: &apos;Windows 11&apos;, os.arch: &apos;amd64&apos;, os.version: &apos;10.0&apos;, java.version: &apos;11.0.17&apos;
Driver info: org.openqa.selenium.chrome.ChromeDriver
Command: [ca852fe631dd971a84256e51bb7fcc23, findElement {using=xpath, value=//div[text()=&apos;補足説明&apos;]/following-sibling::textarea}]
Capabilities {acceptInsecureCerts: false, browserName: chrome, browserVersion: 120.0.6099.131, chrome: {chromedriverVersion: 120.0.6099.109 (3419140ab66..., userDataDir: C:\Users\LyDT\AppData\Local...}, fedcm:accounts: true, goog:chromeOptions: {debuggerAddress: localhost:59601}, networkConnectionEnabled: false, pageLoadStrategy: normal, platformName: windows, proxy: Proxy(), se:cdp: ws://localhost:59601/devtoo..., se:cdpVersion: 120.0.6099.131, setWindowRect: true, strictFileInteractability: false, timeouts: {implicit: 0, pageLoad: 300000, script: 30000}, unhandledPromptBehavior: dismiss and notify, webauthn:extension:credBlob: true, webauthn:extension:largeBlob: true, webauthn:extension:minPinLength: true, webauthn:extension:prf: true, webauthn:virtualAuthenticators: true}
Session ID: ca852fe631dd971a84256e51bb7fcc23
	at org.openqa.selenium.remote.codec.w3c.W3CHttpResponseCodec.createException(W3CHttpResponseCodec.java:200)
	at org.openqa.selenium.remote.codec.w3c.W3CHttpResponseCodec.decode(W3CHttpResponseCodec.java:133)
	at org.openqa.selenium.remote.codec.w3c.W3CHttpResponseCodec.decode(W3CHttpResponseCodec.java:52)
	at org.openqa.selenium.remote.HttpCommandExecutor.execute(HttpCommandExecutor.java:191)
	at org.openqa.selenium.remote.service.DriverCommandExecutor.invokeExecute(DriverCommandExecutor.java:196)
	at org.openqa.selenium.remote.service.DriverCommandExecutor.execute(DriverCommandExecutor.java:171)
	at org.openqa.selenium.remote.RemoteWebDriver.execute(RemoteWebDriver.java:518)
	at org.openqa.selenium.remote.ElementLocation$ElementFinder$2.findElement(ElementLocation.java:165)
	at org.openqa.selenium.remote.ElementLocation.findElement(ElementLocation.java:59)
	at org.openqa.selenium.remote.RemoteWebDriver.findElement(RemoteWebDriver.java:355)
	at org.openqa.selenium.remote.RemoteWebDriver.findElement(RemoteWebDriver.java:349)
	at commons.BasePage.getWebElement(BasePage.java:198)
	at commons.BasePage.clearValueInElementPressKey(BasePage.java:240)
	at pageObject.CommonDrapDropPO.textareaValueComponentMenu(CommonDrapDropPO.java:91)
	at ProjectEnas.CF203_Full_Name.TC_12_Check_change_value_Additional_Explanation(CF203_Full_Name.java:482)
... Removed 29 stack frames</div></td></tr></table><p class="totop"><a href="#summary">back to summary</a></p>
<h3 id="m11">ProjectEnas.CF203_Full_Name#TC_01a_Check_UI_Default_Menu</h3><table class="result"><tr><th class="invisible"/></tr></table><p class="totop"><a href="#summary">back to summary</a></p>
<h3 id="m12">ProjectEnas.CF203_Full_Name#TC_02_Click_On_Switch_Required</h3><table class="result"><tr><th class="invisible"/></tr></table><p class="totop"><a href="#summary">back to summary</a></p>
<h3 id="m13">ProjectEnas.CF203_Full_Name#TC_03a_Check_Action_Select_Name_Radiobutton_Menu</h3><table class="result"><tr><th class="invisible"/></tr></table><p class="totop"><a href="#summary">back to summary</a></p>
<h3 id="m14">ProjectEnas.CF203_Full_Name#TC_04a_Check_Action_Select_Name_Furigana_Radiobutton_Menu</h3><table class="result"><tr><th class="invisible"/></tr></table><p class="totop"><a href="#summary">back to summary</a></p>
</body>
</html>
