<!DOCTYPE html>

<html>
  <head>
  <meta charset='utf-8'>
  <title>TestNG reports</title>

    <link type="text/css" href="testng-reports.css" rel="stylesheet" />
    <script type="text/javascript" src="jquery-1.7.1.min.js"></script>
    <script type="text/javascript" src="testng-reports.js"></script>
    <script type="text/javascript" src="https://www.google.com/jsapi"></script>
    <script type='text/javascript'>
      google.load('visualization', '1', {packages:['table']});
      google.setOnLoadCallback(drawTable);
      var suiteTableInitFunctions = new Array();
      var suiteTableData = new Array();
    </script>
    <!--
      <script type="text/javascript" src="jquery-ui/js/jquery-ui-1.8.16.custom.min.js"></script>
     -->
  </head>

  <body>
    <div class="top-banner-root">
      <span class="top-banner-title-font">Test results</span>
      <br/>
      <span class="top-banner-font-1">1 suite, 11 failed tests</span>
    </div> <!-- top-banner-root -->
    <div class="navigator-root">
      <div class="navigator-suite-header">
        <span>All suites</span>
        <a href="#" title="Collapse/expand all the suites" class="collapse-all-link">
          <img src="collapseall.gif" class="collapse-all-icon">
          </img> <!-- collapse-all-icon -->
        </a> <!-- collapse-all-link -->
      </div> <!-- navigator-suite-header -->
      <div class="suite">
        <div class="rounded-window">
          <div class="suite-header light-rounded-window-top">
            <a href="#" panel-name="suite-Enas_Project" class="navigator-link">
              <span class="suite-name border-failed">Enas Project</span>
            </a> <!-- navigator-link -->
          </div> <!-- suite-header light-rounded-window-top -->
          <div class="navigator-suite-content">
            <div class="suite-section-title">
              <span>Info</span>
            </div> <!-- suite-section-title -->
            <div class="suite-section-content">
              <ul>
                <li>
                  <a href="#" panel-name="test-xml-Enas_Project" class="navigator-link ">
                    <span>D:\TaiLieu\DuAn\ENAS\src\test\resources\runEnas.xml</span>
                  </a> <!-- navigator-link  -->
                </li>
                <li>
                  <a href="#" panel-name="testlist-Enas_Project" class="navigator-link ">
                    <span class="test-stats">1 test</span>
                  </a> <!-- navigator-link  -->
                </li>
                <li>
                  <a href="#" panel-name="group-Enas_Project" class="navigator-link ">
                    <span>0 groups</span>
                  </a> <!-- navigator-link  -->
                </li>
                <li>
                  <a href="#" panel-name="times-Enas_Project" class="navigator-link ">
                    <span>Times</span>
                  </a> <!-- navigator-link  -->
                </li>
                <li>
                  <a href="#" panel-name="reporter-Enas_Project" class="navigator-link ">
                    <span>Reporter output</span>
                  </a> <!-- navigator-link  -->
                </li>
                <li>
                  <a href="#" panel-name="ignored-methods-Enas_Project" class="navigator-link ">
                    <span>Ignored methods</span>
                  </a> <!-- navigator-link  -->
                </li>
                <li>
                  <a href="#" panel-name="chronological-Enas_Project" class="navigator-link ">
                    <span>Chronological view</span>
                  </a> <!-- navigator-link  -->
                </li>
              </ul>
            </div> <!-- suite-section-content -->
            <div class="result-section">
              <div class="suite-section-title">
                <span>Results</span>
              </div> <!-- suite-section-title -->
              <div class="suite-section-content">
                <ul>
                  <li>
                    <span class="method-stats">15 methods, 11 failed,   4 passed</span>
                  </li>
                  <li>
                    <span class="method-list-title failed">Failed methods</span>
                    <span class="show-or-hide-methods failed">
                      <a href="#" panel-name="suite-Enas_Project" class="hide-methods failed suite-Enas_Project"> (hide)</a> <!-- hide-methods failed suite-Enas_Project -->
                      <a href="#" panel-name="suite-Enas_Project" class="show-methods failed suite-Enas_Project"> (show)</a> <!-- show-methods failed suite-Enas_Project -->
                    </span>
                    <div class="method-list-content failed suite-Enas_Project">
                      <span>
                        <img src="failed.png" width="3%"/>
                        <a href="#" panel-name="suite-Enas_Project" title="ProjectEnas.CF203_Full_Name" class="method navigator-link" hash-for-method="TC_01b_Check_UI_Default_Form">TC_01b_Check_UI_Default_Form</a> <!-- method navigator-link -->
                      </span>
                      <br/>
                      <span>
                        <img src="failed.png" width="3%"/>
                        <a href="#" panel-name="suite-Enas_Project" title="ProjectEnas.CF203_Full_Name" class="method navigator-link" hash-for-method="TC_03b_Check_Display_Item_Select_Name_Radiobutton_Form">TC_03b_Check_Display_Item_Select_Name_Radiobutton_Form</a> <!-- method navigator-link -->
                      </span>
                      <br/>
                      <span>
                        <img src="failed.png" width="3%"/>
                        <a href="#" panel-name="suite-Enas_Project" title="ProjectEnas.CF203_Full_Name" class="method navigator-link" hash-for-method="TC_04b_Check_Display_Item_Select_Name_Furigana_Radiobutton_Form">TC_04b_Check_Display_Item_Select_Name_Furigana_Radiobutton_Form</a> <!-- method navigator-link -->
                      </span>
                      <br/>
                      <span>
                        <img src="failed.png" width="3%"/>
                        <a href="#" panel-name="suite-Enas_Project" title="ProjectEnas.CF203_Full_Name" class="method navigator-link" hash-for-method="TC_05_Check_Change_Value_FullName_Title">TC_05_Check_Change_Value_FullName_Title</a> <!-- method navigator-link -->
                      </span>
                      <br/>
                      <span>
                        <img src="failed.png" width="3%"/>
                        <a href="#" panel-name="suite-Enas_Project" title="ProjectEnas.CF203_Full_Name" class="method navigator-link" hash-for-method="TC_06_Check_Change_LastName">TC_06_Check_Change_LastName</a> <!-- method navigator-link -->
                      </span>
                      <br/>
                      <span>
                        <img src="failed.png" width="3%"/>
                        <a href="#" panel-name="suite-Enas_Project" title="ProjectEnas.CF203_Full_Name" class="method navigator-link" hash-for-method="TC_07_Check_Change_FirstName">TC_07_Check_Change_FirstName</a> <!-- method navigator-link -->
                      </span>
                      <br/>
                      <span>
                        <img src="failed.png" width="3%"/>
                        <a href="#" panel-name="suite-Enas_Project" title="ProjectEnas.CF203_Full_Name" class="method navigator-link" hash-for-method="TC_08_Check_Change_FullName_Furigana_Title">TC_08_Check_Change_FullName_Furigana_Title</a> <!-- method navigator-link -->
                      </span>
                      <br/>
                      <span>
                        <img src="failed.png" width="3%"/>
                        <a href="#" panel-name="suite-Enas_Project" title="ProjectEnas.CF203_Full_Name" class="method navigator-link" hash-for-method="TC_09_Check_Change_LastName_Furigana">TC_09_Check_Change_LastName_Furigana</a> <!-- method navigator-link -->
                      </span>
                      <br/>
                      <span>
                        <img src="failed.png" width="3%"/>
                        <a href="#" panel-name="suite-Enas_Project" title="ProjectEnas.CF203_Full_Name" class="method navigator-link" hash-for-method="TC_10_Check_Change_FirstName_Furigana">TC_10_Check_Change_FirstName_Furigana</a> <!-- method navigator-link -->
                      </span>
                      <br/>
                      <span>
                        <img src="failed.png" width="3%"/>
                        <a href="#" panel-name="suite-Enas_Project" title="ProjectEnas.CF203_Full_Name" class="method navigator-link" hash-for-method="TC_11_Check_change_value_General_Explanation">TC_11_Check_change_value_General_Explanation</a> <!-- method navigator-link -->
                      </span>
                      <br/>
                      <span>
                        <img src="failed.png" width="3%"/>
                        <a href="#" panel-name="suite-Enas_Project" title="ProjectEnas.CF203_Full_Name" class="method navigator-link" hash-for-method="TC_12_Check_change_value_Additional_Explanation">TC_12_Check_change_value_Additional_Explanation</a> <!-- method navigator-link -->
                      </span>
                      <br/>
                    </div> <!-- method-list-content failed suite-Enas_Project -->
                  </li>
                  <li>
                    <span class="method-list-title passed">Passed methods</span>
                    <span class="show-or-hide-methods passed">
                      <a href="#" panel-name="suite-Enas_Project" class="hide-methods passed suite-Enas_Project"> (hide)</a> <!-- hide-methods passed suite-Enas_Project -->
                      <a href="#" panel-name="suite-Enas_Project" class="show-methods passed suite-Enas_Project"> (show)</a> <!-- show-methods passed suite-Enas_Project -->
                    </span>
                    <div class="method-list-content passed suite-Enas_Project">
                      <span>
                        <img src="passed.png" width="3%"/>
                        <a href="#" panel-name="suite-Enas_Project" title="ProjectEnas.CF203_Full_Name" class="method navigator-link" hash-for-method="TC_01a_Check_UI_Default_Menu">TC_01a_Check_UI_Default_Menu</a> <!-- method navigator-link -->
                      </span>
                      <br/>
                      <span>
                        <img src="passed.png" width="3%"/>
                        <a href="#" panel-name="suite-Enas_Project" title="ProjectEnas.CF203_Full_Name" class="method navigator-link" hash-for-method="TC_02_Click_On_Switch_Required">TC_02_Click_On_Switch_Required</a> <!-- method navigator-link -->
                      </span>
                      <br/>
                      <span>
                        <img src="passed.png" width="3%"/>
                        <a href="#" panel-name="suite-Enas_Project" title="ProjectEnas.CF203_Full_Name" class="method navigator-link" hash-for-method="TC_03a_Check_Action_Select_Name_Radiobutton_Menu">TC_03a_Check_Action_Select_Name_Radiobutton_Menu</a> <!-- method navigator-link -->
                      </span>
                      <br/>
                      <span>
                        <img src="passed.png" width="3%"/>
                        <a href="#" panel-name="suite-Enas_Project" title="ProjectEnas.CF203_Full_Name" class="method navigator-link" hash-for-method="TC_04a_Check_Action_Select_Name_Furigana_Radiobutton_Menu">TC_04a_Check_Action_Select_Name_Furigana_Radiobutton_Menu</a> <!-- method navigator-link -->
                      </span>
                      <br/>
                    </div> <!-- method-list-content passed suite-Enas_Project -->
                  </li>
                </ul>
              </div> <!-- suite-section-content -->
            </div> <!-- result-section -->
          </div> <!-- navigator-suite-content -->
        </div> <!-- rounded-window -->
      </div> <!-- suite -->
    </div> <!-- navigator-root -->
    <div class="wrapper">
      <div class="main-panel-root">
        <div panel-name="suite-Enas_Project" class="panel Enas_Project">
          <div class="suite-Enas_Project-class-failed">
            <div class="main-panel-header rounded-window-top">
              <img src="failed.png"/>
              <span class="class-name">ProjectEnas.CF203_Full_Name</span>
            </div> <!-- main-panel-header rounded-window-top -->
            <div class="main-panel-content rounded-window-bottom">
              <div class="method">
                <div class="method-content">
                  <a name="TC_01b_Check_UI_Default_Form">
                  </a> <!-- TC_01b_Check_UI_Default_Form -->
                  <span class="method-name">TC_01b_Check_UI_Default_Form</span>
                  <div class="stack-trace">java.lang.AssertionError: expected [名前] but found [タイトル]
	at ProjectEnas.CF203_Full_Name.TC_01b_Check_UI_Default_Form(CF203_Full_Name.java:108)
... Removed 31 stack frames
</div> <!-- stack-trace -->
                </div> <!-- method-content -->
              </div> <!-- method -->
              <div class="method">
                <div class="method-content">
                  <a name="TC_03b_Check_Display_Item_Select_Name_Radiobutton_Form">
                  </a> <!-- TC_03b_Check_Display_Item_Select_Name_Radiobutton_Form -->
                  <span class="method-name">TC_03b_Check_Display_Item_Select_Name_Radiobutton_Form</span>
                  <div class="stack-trace">java.lang.AssertionError: expected [名前] but found [タイトル]
	at ProjectEnas.CF203_Full_Name.TC_03b_Check_Display_Item_Select_Name_Radiobutton_Form(CF203_Full_Name.java:191)
... Removed 31 stack frames
</div> <!-- stack-trace -->
                </div> <!-- method-content -->
              </div> <!-- method -->
              <div class="method">
                <div class="method-content">
                  <a name="TC_04b_Check_Display_Item_Select_Name_Furigana_Radiobutton_Form">
                  </a> <!-- TC_04b_Check_Display_Item_Select_Name_Furigana_Radiobutton_Form -->
                  <span class="method-name">TC_04b_Check_Display_Item_Select_Name_Furigana_Radiobutton_Form</span>
                  <div class="stack-trace">java.lang.AssertionError: expected [true] but found [false]
	at commons.BaseTest.verifyTrue(BaseTest.java:160)
	at ProjectEnas.CF203_Full_Name.TC_04b_Check_Display_Item_Select_Name_Furigana_Radiobutton_Form(CF203_Full_Name.java:239)
... Removed 29 stack frames
</div> <!-- stack-trace -->
                </div> <!-- method-content -->
              </div> <!-- method -->
              <div class="method">
                <div class="method-content">
                  <a name="TC_05_Check_Change_Value_FullName_Title">
                  </a> <!-- TC_05_Check_Change_Value_FullName_Title -->
                  <span class="method-name">TC_05_Check_Change_Value_FullName_Title</span>
                  <div class="stack-trace">java.lang.Throwable: Multiple failures (9):
Failure 1 of 9
java.lang.AssertionError: expected [true] but found [false]
	at commons.BaseTest.verifyTrue(BaseTest.java:160)
	at ProjectEnas.CF203_Full_Name.TC_05_Check_Change_Value_FullName_Title(CF203_Full_Name.java:265)

Failure 2 of 9
java.lang.AssertionError: expected [true] but found [false]
	at commons.BaseTest.verifyTrue(BaseTest.java:160)
	at ProjectEnas.CF203_Full_Name.TC_05_Check_Change_Value_FullName_Title(CF203_Full_Name.java:267)

Failure 3 of 9
java.lang.AssertionError: expected [true] but found [false]
	at commons.BaseTest.verifyTrue(BaseTest.java:160)
	at ProjectEnas.CF203_Full_Name.TC_05_Check_Change_Value_FullName_Title(CF203_Full_Name.java:269)

Failure 4 of 9
java.lang.AssertionError: expected [true] but found [false]
	at commons.BaseTest.verifyTrue(BaseTest.java:160)
	at ProjectEnas.CF203_Full_Name.TC_05_Check_Change_Value_FullName_Title(CF203_Full_Name.java:271)

Failure 5 of 9
java.lang.AssertionError: expected [true] but found [false]
	at commons.BaseTest.verifyTrue(BaseTest.java:160)
	at ProjectEnas.CF203_Full_Name.TC_05_Check_Change_Value_FullName_Title(CF203_Full_Name.java:273)

Failure 6 of 9
java.lang.AssertionError: expected [true] but found [false]
	at commons.BaseTest.verifyTrue(BaseTest.java:160)
	at ProjectEnas.CF203_Full_Name.TC_05_Check_Change_Value_FullName_Title(CF203_Full_Name.java:275)

Failure 7 of 9
java.lang.AssertionError: expected [true] but found [false]
	at commons.BaseTest.verifyTrue(BaseTest.java:160)
	at ProjectEnas.CF203_Full_Name.TC_05_Check_Change_Value_FullName_Title(CF203_Full_Name.java:277)

Failure 8 of 9
java.lang.AssertionError: expected [true] but found [false]
	at commons.BaseTest.verifyTrue(BaseTest.java:160)
	at ProjectEnas.CF203_Full_Name.TC_05_Check_Change_Value_FullName_Title(CF203_Full_Name.java:279)

Failure 9 of 9
java.lang.AssertionError: expected [true] but found [false]
	at commons.BaseTest.verifyTrue(BaseTest.java:160)
	at ProjectEnas.CF203_Full_Name.TC_05_Check_Change_Value_FullName_Title(CF203_Full_Name.java:281)
... Removed 261 stack frames
</div> <!-- stack-trace -->
                </div> <!-- method-content -->
              </div> <!-- method -->
              <div class="method">
                <div class="method-content">
                  <a name="TC_06_Check_Change_LastName">
                  </a> <!-- TC_06_Check_Change_LastName -->
                  <span class="method-name">TC_06_Check_Change_LastName</span>
                  <div class="stack-trace">org.openqa.selenium.NoSuchElementException: no such element: Unable to locate element: {&quot;method&quot;:&quot;xpath&quot;,&quot;selector&quot;:&quot;//div[text()=&apos;姓&apos;]/following-sibling::input&quot;}
  (Session info: chrome=120.0.6099.131)
For documentation on this error, please visit: https://www.selenium.dev/documentation/webdriver/troubleshooting/errors#no-such-element-exception
Build info: version: &apos;4.11.0&apos;, revision: &apos;040bc5406b&apos;
System info: os.name: &apos;Windows 11&apos;, os.arch: &apos;amd64&apos;, os.version: &apos;10.0&apos;, java.version: &apos;11.0.17&apos;
Driver info: org.openqa.selenium.chrome.ChromeDriver
Command: [ca852fe631dd971a84256e51bb7fcc23, findElement {using=xpath, value=//div[text()=&apos;姓&apos;]/following-sibling::input}]
Capabilities {acceptInsecureCerts: false, browserName: chrome, browserVersion: 120.0.6099.131, chrome: {chromedriverVersion: 120.0.6099.109 (3419140ab66..., userDataDir: C:\Users\LyDT\AppData\Local...}, fedcm:accounts: true, goog:chromeOptions: {debuggerAddress: localhost:59601}, networkConnectionEnabled: false, pageLoadStrategy: normal, platformName: windows, proxy: Proxy(), se:cdp: ws://localhost:59601/devtoo..., se:cdpVersion: 120.0.6099.131, setWindowRect: true, strictFileInteractability: false, timeouts: {implicit: 0, pageLoad: 300000, script: 30000}, unhandledPromptBehavior: dismiss and notify, webauthn:extension:credBlob: true, webauthn:extension:largeBlob: true, webauthn:extension:minPinLength: true, webauthn:extension:prf: true, webauthn:virtualAuthenticators: true}
Session ID: ca852fe631dd971a84256e51bb7fcc23
	at org.openqa.selenium.remote.codec.w3c.W3CHttpResponseCodec.createException(W3CHttpResponseCodec.java:200)
	at org.openqa.selenium.remote.codec.w3c.W3CHttpResponseCodec.decode(W3CHttpResponseCodec.java:133)
	at org.openqa.selenium.remote.codec.w3c.W3CHttpResponseCodec.decode(W3CHttpResponseCodec.java:52)
	at org.openqa.selenium.remote.HttpCommandExecutor.execute(HttpCommandExecutor.java:191)
	at org.openqa.selenium.remote.service.DriverCommandExecutor.invokeExecute(DriverCommandExecutor.java:196)
	at org.openqa.selenium.remote.service.DriverCommandExecutor.execute(DriverCommandExecutor.java:171)
	at org.openqa.selenium.remote.RemoteWebDriver.execute(RemoteWebDriver.java:518)
	at org.openqa.selenium.remote.ElementLocation$ElementFinder$2.findElement(ElementLocation.java:165)
	at org.openqa.selenium.remote.ElementLocation.findElement(ElementLocation.java:59)
	at org.openqa.selenium.remote.RemoteWebDriver.findElement(RemoteWebDriver.java:355)
	at org.openqa.selenium.remote.RemoteWebDriver.findElement(RemoteWebDriver.java:349)
	at commons.BasePage.getWebElement(BasePage.java:198)
	at commons.BasePage.clearValueInElementPressKey(BasePage.java:240)
	at pageObject.CommonDrapDropPO.inputValueComponentMenu(CommonDrapDropPO.java:68)
	at ProjectEnas.CF203_Full_Name.TC_06_Check_Change_LastName(CF203_Full_Name.java:307)
... Removed 29 stack frames
</div> <!-- stack-trace -->
                </div> <!-- method-content -->
              </div> <!-- method -->
              <div class="method">
                <div class="method-content">
                  <a name="TC_07_Check_Change_FirstName">
                  </a> <!-- TC_07_Check_Change_FirstName -->
                  <span class="method-name">TC_07_Check_Change_FirstName</span>
                  <div class="stack-trace">org.openqa.selenium.NoSuchElementException: no such element: Unable to locate element: {&quot;method&quot;:&quot;xpath&quot;,&quot;selector&quot;:&quot;//div[text()=&apos;名&apos;]/following-sibling::input&quot;}
  (Session info: chrome=120.0.6099.131)
For documentation on this error, please visit: https://www.selenium.dev/documentation/webdriver/troubleshooting/errors#no-such-element-exception
Build info: version: &apos;4.11.0&apos;, revision: &apos;040bc5406b&apos;
System info: os.name: &apos;Windows 11&apos;, os.arch: &apos;amd64&apos;, os.version: &apos;10.0&apos;, java.version: &apos;11.0.17&apos;
Driver info: org.openqa.selenium.chrome.ChromeDriver
Command: [ca852fe631dd971a84256e51bb7fcc23, findElement {using=xpath, value=//div[text()=&apos;名&apos;]/following-sibling::input}]
Capabilities {acceptInsecureCerts: false, browserName: chrome, browserVersion: 120.0.6099.131, chrome: {chromedriverVersion: 120.0.6099.109 (3419140ab66..., userDataDir: C:\Users\LyDT\AppData\Local...}, fedcm:accounts: true, goog:chromeOptions: {debuggerAddress: localhost:59601}, networkConnectionEnabled: false, pageLoadStrategy: normal, platformName: windows, proxy: Proxy(), se:cdp: ws://localhost:59601/devtoo..., se:cdpVersion: 120.0.6099.131, setWindowRect: true, strictFileInteractability: false, timeouts: {implicit: 0, pageLoad: 300000, script: 30000}, unhandledPromptBehavior: dismiss and notify, webauthn:extension:credBlob: true, webauthn:extension:largeBlob: true, webauthn:extension:minPinLength: true, webauthn:extension:prf: true, webauthn:virtualAuthenticators: true}
Session ID: ca852fe631dd971a84256e51bb7fcc23
	at org.openqa.selenium.remote.codec.w3c.W3CHttpResponseCodec.createException(W3CHttpResponseCodec.java:200)
	at org.openqa.selenium.remote.codec.w3c.W3CHttpResponseCodec.decode(W3CHttpResponseCodec.java:133)
	at org.openqa.selenium.remote.codec.w3c.W3CHttpResponseCodec.decode(W3CHttpResponseCodec.java:52)
	at org.openqa.selenium.remote.HttpCommandExecutor.execute(HttpCommandExecutor.java:191)
	at org.openqa.selenium.remote.service.DriverCommandExecutor.invokeExecute(DriverCommandExecutor.java:196)
	at org.openqa.selenium.remote.service.DriverCommandExecutor.execute(DriverCommandExecutor.java:171)
	at org.openqa.selenium.remote.RemoteWebDriver.execute(RemoteWebDriver.java:518)
	at org.openqa.selenium.remote.ElementLocation$ElementFinder$2.findElement(ElementLocation.java:165)
	at org.openqa.selenium.remote.ElementLocation.findElement(ElementLocation.java:59)
	at org.openqa.selenium.remote.RemoteWebDriver.findElement(RemoteWebDriver.java:355)
	at org.openqa.selenium.remote.RemoteWebDriver.findElement(RemoteWebDriver.java:349)
	at commons.BasePage.getWebElement(BasePage.java:198)
	at commons.BasePage.clearValueInElementPressKey(BasePage.java:240)
	at pageObject.CommonDrapDropPO.inputValueComponentMenu(CommonDrapDropPO.java:68)
	at ProjectEnas.CF203_Full_Name.TC_07_Check_Change_FirstName(CF203_Full_Name.java:330)
... Removed 29 stack frames
</div> <!-- stack-trace -->
                </div> <!-- method-content -->
              </div> <!-- method -->
              <div class="method">
                <div class="method-content">
                  <a name="TC_08_Check_Change_FullName_Furigana_Title">
                  </a> <!-- TC_08_Check_Change_FullName_Furigana_Title -->
                  <span class="method-name">TC_08_Check_Change_FullName_Furigana_Title</span>
                  <div class="stack-trace">org.openqa.selenium.NoSuchElementException: no such element: Unable to locate element: {&quot;method&quot;:&quot;xpath&quot;,&quot;selector&quot;:&quot;//div[text()=&apos;フリガナ（タイトル）&apos;]/following-sibling::input&quot;}
  (Session info: chrome=120.0.6099.131)
For documentation on this error, please visit: https://www.selenium.dev/documentation/webdriver/troubleshooting/errors#no-such-element-exception
Build info: version: &apos;4.11.0&apos;, revision: &apos;040bc5406b&apos;
System info: os.name: &apos;Windows 11&apos;, os.arch: &apos;amd64&apos;, os.version: &apos;10.0&apos;, java.version: &apos;11.0.17&apos;
Driver info: org.openqa.selenium.chrome.ChromeDriver
Command: [ca852fe631dd971a84256e51bb7fcc23, findElement {using=xpath, value=//div[text()=&apos;フリガナ（タイトル）&apos;]/following-sibling::input}]
Capabilities {acceptInsecureCerts: false, browserName: chrome, browserVersion: 120.0.6099.131, chrome: {chromedriverVersion: 120.0.6099.109 (3419140ab66..., userDataDir: C:\Users\LyDT\AppData\Local...}, fedcm:accounts: true, goog:chromeOptions: {debuggerAddress: localhost:59601}, networkConnectionEnabled: false, pageLoadStrategy: normal, platformName: windows, proxy: Proxy(), se:cdp: ws://localhost:59601/devtoo..., se:cdpVersion: 120.0.6099.131, setWindowRect: true, strictFileInteractability: false, timeouts: {implicit: 0, pageLoad: 300000, script: 30000}, unhandledPromptBehavior: dismiss and notify, webauthn:extension:credBlob: true, webauthn:extension:largeBlob: true, webauthn:extension:minPinLength: true, webauthn:extension:prf: true, webauthn:virtualAuthenticators: true}
Session ID: ca852fe631dd971a84256e51bb7fcc23
	at org.openqa.selenium.remote.codec.w3c.W3CHttpResponseCodec.createException(W3CHttpResponseCodec.java:200)
	at org.openqa.selenium.remote.codec.w3c.W3CHttpResponseCodec.decode(W3CHttpResponseCodec.java:133)
	at org.openqa.selenium.remote.codec.w3c.W3CHttpResponseCodec.decode(W3CHttpResponseCodec.java:52)
	at org.openqa.selenium.remote.HttpCommandExecutor.execute(HttpCommandExecutor.java:191)
	at org.openqa.selenium.remote.service.DriverCommandExecutor.invokeExecute(DriverCommandExecutor.java:196)
	at org.openqa.selenium.remote.service.DriverCommandExecutor.execute(DriverCommandExecutor.java:171)
	at org.openqa.selenium.remote.RemoteWebDriver.execute(RemoteWebDriver.java:518)
	at org.openqa.selenium.remote.ElementLocation$ElementFinder$2.findElement(ElementLocation.java:165)
	at org.openqa.selenium.remote.ElementLocation.findElement(ElementLocation.java:59)
	at org.openqa.selenium.remote.RemoteWebDriver.findElement(RemoteWebDriver.java:355)
	at org.openqa.selenium.remote.RemoteWebDriver.findElement(RemoteWebDriver.java:349)
	at commons.BasePage.getWebElement(BasePage.java:198)
	at commons.BasePage.clearValueInElementPressKey(BasePage.java:240)
	at pageObject.CommonDrapDropPO.inputValueComponentMenu(CommonDrapDropPO.java:68)
	at ProjectEnas.CF203_Full_Name.TC_08_Check_Change_FullName_Furigana_Title(CF203_Full_Name.java:353)
... Removed 29 stack frames
</div> <!-- stack-trace -->
                </div> <!-- method-content -->
              </div> <!-- method -->
              <div class="method">
                <div class="method-content">
                  <a name="TC_09_Check_Change_LastName_Furigana">
                  </a> <!-- TC_09_Check_Change_LastName_Furigana -->
                  <span class="method-name">TC_09_Check_Change_LastName_Furigana</span>
                  <div class="stack-trace">org.openqa.selenium.NoSuchElementException: no such element: Unable to locate element: {&quot;method&quot;:&quot;xpath&quot;,&quot;selector&quot;:&quot;//div[text()=&apos;セイ&apos;]/following-sibling::input&quot;}
  (Session info: chrome=120.0.6099.131)
For documentation on this error, please visit: https://www.selenium.dev/documentation/webdriver/troubleshooting/errors#no-such-element-exception
Build info: version: &apos;4.11.0&apos;, revision: &apos;040bc5406b&apos;
System info: os.name: &apos;Windows 11&apos;, os.arch: &apos;amd64&apos;, os.version: &apos;10.0&apos;, java.version: &apos;11.0.17&apos;
Driver info: org.openqa.selenium.chrome.ChromeDriver
Command: [ca852fe631dd971a84256e51bb7fcc23, findElement {using=xpath, value=//div[text()=&apos;セイ&apos;]/following-sibling::input}]
Capabilities {acceptInsecureCerts: false, browserName: chrome, browserVersion: 120.0.6099.131, chrome: {chromedriverVersion: 120.0.6099.109 (3419140ab66..., userDataDir: C:\Users\LyDT\AppData\Local...}, fedcm:accounts: true, goog:chromeOptions: {debuggerAddress: localhost:59601}, networkConnectionEnabled: false, pageLoadStrategy: normal, platformName: windows, proxy: Proxy(), se:cdp: ws://localhost:59601/devtoo..., se:cdpVersion: 120.0.6099.131, setWindowRect: true, strictFileInteractability: false, timeouts: {implicit: 0, pageLoad: 300000, script: 30000}, unhandledPromptBehavior: dismiss and notify, webauthn:extension:credBlob: true, webauthn:extension:largeBlob: true, webauthn:extension:minPinLength: true, webauthn:extension:prf: true, webauthn:virtualAuthenticators: true}
Session ID: ca852fe631dd971a84256e51bb7fcc23
	at org.openqa.selenium.remote.codec.w3c.W3CHttpResponseCodec.createException(W3CHttpResponseCodec.java:200)
	at org.openqa.selenium.remote.codec.w3c.W3CHttpResponseCodec.decode(W3CHttpResponseCodec.java:133)
	at org.openqa.selenium.remote.codec.w3c.W3CHttpResponseCodec.decode(W3CHttpResponseCodec.java:52)
	at org.openqa.selenium.remote.HttpCommandExecutor.execute(HttpCommandExecutor.java:191)
	at org.openqa.selenium.remote.service.DriverCommandExecutor.invokeExecute(DriverCommandExecutor.java:196)
	at org.openqa.selenium.remote.service.DriverCommandExecutor.execute(DriverCommandExecutor.java:171)
	at org.openqa.selenium.remote.RemoteWebDriver.execute(RemoteWebDriver.java:518)
	at org.openqa.selenium.remote.ElementLocation$ElementFinder$2.findElement(ElementLocation.java:165)
	at org.openqa.selenium.remote.ElementLocation.findElement(ElementLocation.java:59)
	at org.openqa.selenium.remote.RemoteWebDriver.findElement(RemoteWebDriver.java:355)
	at org.openqa.selenium.remote.RemoteWebDriver.findElement(RemoteWebDriver.java:349)
	at commons.BasePage.getWebElement(BasePage.java:198)
	at commons.BasePage.clearValueInElementPressKey(BasePage.java:240)
	at pageObject.CommonDrapDropPO.inputValueComponentMenu(CommonDrapDropPO.java:68)
	at ProjectEnas.CF203_Full_Name.TC_09_Check_Change_LastName_Furigana(CF203_Full_Name.java:395)
... Removed 29 stack frames
</div> <!-- stack-trace -->
                </div> <!-- method-content -->
              </div> <!-- method -->
              <div class="method">
                <div class="method-content">
                  <a name="TC_10_Check_Change_FirstName_Furigana">
                  </a> <!-- TC_10_Check_Change_FirstName_Furigana -->
                  <span class="method-name">TC_10_Check_Change_FirstName_Furigana</span>
                  <div class="stack-trace">org.openqa.selenium.NoSuchElementException: no such element: Unable to locate element: {&quot;method&quot;:&quot;xpath&quot;,&quot;selector&quot;:&quot;//div[text()=&apos;メイ&apos;]/following-sibling::input&quot;}
  (Session info: chrome=120.0.6099.131)
For documentation on this error, please visit: https://www.selenium.dev/documentation/webdriver/troubleshooting/errors#no-such-element-exception
Build info: version: &apos;4.11.0&apos;, revision: &apos;040bc5406b&apos;
System info: os.name: &apos;Windows 11&apos;, os.arch: &apos;amd64&apos;, os.version: &apos;10.0&apos;, java.version: &apos;11.0.17&apos;
Driver info: org.openqa.selenium.chrome.ChromeDriver
Command: [ca852fe631dd971a84256e51bb7fcc23, findElement {using=xpath, value=//div[text()=&apos;メイ&apos;]/following-sibling::input}]
Capabilities {acceptInsecureCerts: false, browserName: chrome, browserVersion: 120.0.6099.131, chrome: {chromedriverVersion: 120.0.6099.109 (3419140ab66..., userDataDir: C:\Users\LyDT\AppData\Local...}, fedcm:accounts: true, goog:chromeOptions: {debuggerAddress: localhost:59601}, networkConnectionEnabled: false, pageLoadStrategy: normal, platformName: windows, proxy: Proxy(), se:cdp: ws://localhost:59601/devtoo..., se:cdpVersion: 120.0.6099.131, setWindowRect: true, strictFileInteractability: false, timeouts: {implicit: 0, pageLoad: 300000, script: 30000}, unhandledPromptBehavior: dismiss and notify, webauthn:extension:credBlob: true, webauthn:extension:largeBlob: true, webauthn:extension:minPinLength: true, webauthn:extension:prf: true, webauthn:virtualAuthenticators: true}
Session ID: ca852fe631dd971a84256e51bb7fcc23
	at org.openqa.selenium.remote.codec.w3c.W3CHttpResponseCodec.createException(W3CHttpResponseCodec.java:200)
	at org.openqa.selenium.remote.codec.w3c.W3CHttpResponseCodec.decode(W3CHttpResponseCodec.java:133)
	at org.openqa.selenium.remote.codec.w3c.W3CHttpResponseCodec.decode(W3CHttpResponseCodec.java:52)
	at org.openqa.selenium.remote.HttpCommandExecutor.execute(HttpCommandExecutor.java:191)
	at org.openqa.selenium.remote.service.DriverCommandExecutor.invokeExecute(DriverCommandExecutor.java:196)
	at org.openqa.selenium.remote.service.DriverCommandExecutor.execute(DriverCommandExecutor.java:171)
	at org.openqa.selenium.remote.RemoteWebDriver.execute(RemoteWebDriver.java:518)
	at org.openqa.selenium.remote.ElementLocation$ElementFinder$2.findElement(ElementLocation.java:165)
	at org.openqa.selenium.remote.ElementLocation.findElement(ElementLocation.java:59)
	at org.openqa.selenium.remote.RemoteWebDriver.findElement(RemoteWebDriver.java:355)
	at org.openqa.selenium.remote.RemoteWebDriver.findElement(RemoteWebDriver.java:349)
	at commons.BasePage.getWebElement(BasePage.java:198)
	at commons.BasePage.clearValueInElementPressKey(BasePage.java:240)
	at pageObject.CommonDrapDropPO.inputValueComponentMenu(CommonDrapDropPO.java:68)
	at ProjectEnas.CF203_Full_Name.TC_10_Check_Change_FirstName_Furigana(CF203_Full_Name.java:418)
... Removed 29 stack frames
</div> <!-- stack-trace -->
                </div> <!-- method-content -->
              </div> <!-- method -->
              <div class="method">
                <div class="method-content">
                  <a name="TC_11_Check_change_value_General_Explanation">
                  </a> <!-- TC_11_Check_change_value_General_Explanation -->
                  <span class="method-name">TC_11_Check_change_value_General_Explanation</span>
                  <div class="stack-trace">org.openqa.selenium.NoSuchElementException: no such element: Unable to locate element: {&quot;method&quot;:&quot;xpath&quot;,&quot;selector&quot;:&quot;//div[text()=&apos;概要説明&apos;]/following-sibling::textarea&quot;}
  (Session info: chrome=120.0.6099.131)
For documentation on this error, please visit: https://www.selenium.dev/documentation/webdriver/troubleshooting/errors#no-such-element-exception
Build info: version: &apos;4.11.0&apos;, revision: &apos;040bc5406b&apos;
System info: os.name: &apos;Windows 11&apos;, os.arch: &apos;amd64&apos;, os.version: &apos;10.0&apos;, java.version: &apos;11.0.17&apos;
Driver info: org.openqa.selenium.chrome.ChromeDriver
Command: [ca852fe631dd971a84256e51bb7fcc23, findElement {using=xpath, value=//div[text()=&apos;概要説明&apos;]/following-sibling::textarea}]
Capabilities {acceptInsecureCerts: false, browserName: chrome, browserVersion: 120.0.6099.131, chrome: {chromedriverVersion: 120.0.6099.109 (3419140ab66..., userDataDir: C:\Users\LyDT\AppData\Local...}, fedcm:accounts: true, goog:chromeOptions: {debuggerAddress: localhost:59601}, networkConnectionEnabled: false, pageLoadStrategy: normal, platformName: windows, proxy: Proxy(), se:cdp: ws://localhost:59601/devtoo..., se:cdpVersion: 120.0.6099.131, setWindowRect: true, strictFileInteractability: false, timeouts: {implicit: 0, pageLoad: 300000, script: 30000}, unhandledPromptBehavior: dismiss and notify, webauthn:extension:credBlob: true, webauthn:extension:largeBlob: true, webauthn:extension:minPinLength: true, webauthn:extension:prf: true, webauthn:virtualAuthenticators: true}
Session ID: ca852fe631dd971a84256e51bb7fcc23
	at org.openqa.selenium.remote.codec.w3c.W3CHttpResponseCodec.createException(W3CHttpResponseCodec.java:200)
	at org.openqa.selenium.remote.codec.w3c.W3CHttpResponseCodec.decode(W3CHttpResponseCodec.java:133)
	at org.openqa.selenium.remote.codec.w3c.W3CHttpResponseCodec.decode(W3CHttpResponseCodec.java:52)
	at org.openqa.selenium.remote.HttpCommandExecutor.execute(HttpCommandExecutor.java:191)
	at org.openqa.selenium.remote.service.DriverCommandExecutor.invokeExecute(DriverCommandExecutor.java:196)
	at org.openqa.selenium.remote.service.DriverCommandExecutor.execute(DriverCommandExecutor.java:171)
	at org.openqa.selenium.remote.RemoteWebDriver.execute(RemoteWebDriver.java:518)
	at org.openqa.selenium.remote.ElementLocation$ElementFinder$2.findElement(ElementLocation.java:165)
	at org.openqa.selenium.remote.ElementLocation.findElement(ElementLocation.java:59)
	at org.openqa.selenium.remote.RemoteWebDriver.findElement(RemoteWebDriver.java:355)
	at org.openqa.selenium.remote.RemoteWebDriver.findElement(RemoteWebDriver.java:349)
	at commons.BasePage.getWebElement(BasePage.java:198)
	at commons.BasePage.clearValueInElementPressKey(BasePage.java:240)
	at pageObject.CommonDrapDropPO.textareaValueComponentMenu(CommonDrapDropPO.java:91)
	at ProjectEnas.CF203_Full_Name.TC_11_Check_change_value_General_Explanation(CF203_Full_Name.java:441)
... Removed 29 stack frames
</div> <!-- stack-trace -->
                </div> <!-- method-content -->
              </div> <!-- method -->
              <div class="method">
                <div class="method-content">
                  <a name="TC_12_Check_change_value_Additional_Explanation">
                  </a> <!-- TC_12_Check_change_value_Additional_Explanation -->
                  <span class="method-name">TC_12_Check_change_value_Additional_Explanation</span>
                  <div class="stack-trace">org.openqa.selenium.NoSuchElementException: no such element: Unable to locate element: {&quot;method&quot;:&quot;xpath&quot;,&quot;selector&quot;:&quot;//div[text()=&apos;補足説明&apos;]/following-sibling::textarea&quot;}
  (Session info: chrome=120.0.6099.131)
For documentation on this error, please visit: https://www.selenium.dev/documentation/webdriver/troubleshooting/errors#no-such-element-exception
Build info: version: &apos;4.11.0&apos;, revision: &apos;040bc5406b&apos;
System info: os.name: &apos;Windows 11&apos;, os.arch: &apos;amd64&apos;, os.version: &apos;10.0&apos;, java.version: &apos;11.0.17&apos;
Driver info: org.openqa.selenium.chrome.ChromeDriver
Command: [ca852fe631dd971a84256e51bb7fcc23, findElement {using=xpath, value=//div[text()=&apos;補足説明&apos;]/following-sibling::textarea}]
Capabilities {acceptInsecureCerts: false, browserName: chrome, browserVersion: 120.0.6099.131, chrome: {chromedriverVersion: 120.0.6099.109 (3419140ab66..., userDataDir: C:\Users\LyDT\AppData\Local...}, fedcm:accounts: true, goog:chromeOptions: {debuggerAddress: localhost:59601}, networkConnectionEnabled: false, pageLoadStrategy: normal, platformName: windows, proxy: Proxy(), se:cdp: ws://localhost:59601/devtoo..., se:cdpVersion: 120.0.6099.131, setWindowRect: true, strictFileInteractability: false, timeouts: {implicit: 0, pageLoad: 300000, script: 30000}, unhandledPromptBehavior: dismiss and notify, webauthn:extension:credBlob: true, webauthn:extension:largeBlob: true, webauthn:extension:minPinLength: true, webauthn:extension:prf: true, webauthn:virtualAuthenticators: true}
Session ID: ca852fe631dd971a84256e51bb7fcc23
	at org.openqa.selenium.remote.codec.w3c.W3CHttpResponseCodec.createException(W3CHttpResponseCodec.java:200)
	at org.openqa.selenium.remote.codec.w3c.W3CHttpResponseCodec.decode(W3CHttpResponseCodec.java:133)
	at org.openqa.selenium.remote.codec.w3c.W3CHttpResponseCodec.decode(W3CHttpResponseCodec.java:52)
	at org.openqa.selenium.remote.HttpCommandExecutor.execute(HttpCommandExecutor.java:191)
	at org.openqa.selenium.remote.service.DriverCommandExecutor.invokeExecute(DriverCommandExecutor.java:196)
	at org.openqa.selenium.remote.service.DriverCommandExecutor.execute(DriverCommandExecutor.java:171)
	at org.openqa.selenium.remote.RemoteWebDriver.execute(RemoteWebDriver.java:518)
	at org.openqa.selenium.remote.ElementLocation$ElementFinder$2.findElement(ElementLocation.java:165)
	at org.openqa.selenium.remote.ElementLocation.findElement(ElementLocation.java:59)
	at org.openqa.selenium.remote.RemoteWebDriver.findElement(RemoteWebDriver.java:355)
	at org.openqa.selenium.remote.RemoteWebDriver.findElement(RemoteWebDriver.java:349)
	at commons.BasePage.getWebElement(BasePage.java:198)
	at commons.BasePage.clearValueInElementPressKey(BasePage.java:240)
	at pageObject.CommonDrapDropPO.textareaValueComponentMenu(CommonDrapDropPO.java:91)
	at ProjectEnas.CF203_Full_Name.TC_12_Check_change_value_Additional_Explanation(CF203_Full_Name.java:482)
... Removed 29 stack frames
</div> <!-- stack-trace -->
                </div> <!-- method-content -->
              </div> <!-- method -->
            </div> <!-- main-panel-content rounded-window-bottom -->
          </div> <!-- suite-Enas_Project-class-failed -->
          <div class="suite-Enas_Project-class-passed">
            <div class="main-panel-header rounded-window-top">
              <img src="passed.png"/>
              <span class="class-name">ProjectEnas.CF203_Full_Name</span>
            </div> <!-- main-panel-header rounded-window-top -->
            <div class="main-panel-content rounded-window-bottom">
              <div class="method">
                <div class="method-content">
                  <a name="TC_01a_Check_UI_Default_Menu">
                  </a> <!-- TC_01a_Check_UI_Default_Menu -->
                  <span class="method-name">TC_01a_Check_UI_Default_Menu</span>
                </div> <!-- method-content -->
              </div> <!-- method -->
              <div class="method">
                <div class="method-content">
                  <a name="TC_02_Click_On_Switch_Required">
                  </a> <!-- TC_02_Click_On_Switch_Required -->
                  <span class="method-name">TC_02_Click_On_Switch_Required</span>
                </div> <!-- method-content -->
              </div> <!-- method -->
              <div class="method">
                <div class="method-content">
                  <a name="TC_03a_Check_Action_Select_Name_Radiobutton_Menu">
                  </a> <!-- TC_03a_Check_Action_Select_Name_Radiobutton_Menu -->
                  <span class="method-name">TC_03a_Check_Action_Select_Name_Radiobutton_Menu</span>
                </div> <!-- method-content -->
              </div> <!-- method -->
              <div class="method">
                <div class="method-content">
                  <a name="TC_04a_Check_Action_Select_Name_Furigana_Radiobutton_Menu">
                  </a> <!-- TC_04a_Check_Action_Select_Name_Furigana_Radiobutton_Menu -->
                  <span class="method-name">TC_04a_Check_Action_Select_Name_Furigana_Radiobutton_Menu</span>
                </div> <!-- method-content -->
              </div> <!-- method -->
            </div> <!-- main-panel-content rounded-window-bottom -->
          </div> <!-- suite-Enas_Project-class-passed -->
        </div> <!-- panel Enas_Project -->
        <div panel-name="test-xml-Enas_Project" class="panel">
          <div class="main-panel-header rounded-window-top">
            <span class="header-content">D:\TaiLieu\DuAn\ENAS\src\test\resources\runEnas.xml</span>
          </div> <!-- main-panel-header rounded-window-top -->
          <div class="main-panel-content rounded-window-bottom">
            <pre>
&lt;?xml version=&quot;1.0&quot; encoding=&quot;UTF-8&quot;?&gt;
&lt;!DOCTYPE suite SYSTEM &quot;http://testng.org/testng-1.0.dtd&quot;&gt;
&lt;suite name=&quot;Enas Project&quot; guice-stage=&quot;DEVELOPMENT&quot;&gt;
  &lt;listeners&gt;
    &lt;listener class-name=&quot;commons.MethodListener&quot;/&gt;
    &lt;listener class-name=&quot;reportConfig.AllureTestListener&quot;/&gt;
    &lt;listener class-name=&quot;org.uncommons.reportng.HTMLReporter&quot;/&gt;
    &lt;listener class-name=&quot;org.uncommons.reportng.JUnitXMLReporter&quot;/&gt;
  &lt;/listeners&gt;
  &lt;test thread-count=&quot;5&quot; name=&quot;Run on Headless Chrome&quot;&gt;
    &lt;parameter name=&quot;browser&quot; value=&quot;chrome&quot;/&gt;
    &lt;classes&gt;
      &lt;class name=&quot;ProjectEnas.CF203_Full_Name&quot;/&gt;
    &lt;/classes&gt;
  &lt;/test&gt; &lt;!-- Run on Headless Chrome --&gt;
&lt;/suite&gt; &lt;!-- Enas Project --&gt;
            </pre>
          </div> <!-- main-panel-content rounded-window-bottom -->
        </div> <!-- panel -->
        <div panel-name="testlist-Enas_Project" class="panel">
          <div class="main-panel-header rounded-window-top">
            <span class="header-content">Tests for Enas Project</span>
          </div> <!-- main-panel-header rounded-window-top -->
          <div class="main-panel-content rounded-window-bottom">
            <ul>
              <li>
                <span class="test-name">Run on Headless Chrome (1 class)</span>
              </li>
            </ul>
          </div> <!-- main-panel-content rounded-window-bottom -->
        </div> <!-- panel -->
        <div panel-name="group-Enas_Project" class="panel">
          <div class="main-panel-header rounded-window-top">
            <span class="header-content">Groups for Enas Project</span>
          </div> <!-- main-panel-header rounded-window-top -->
          <div class="main-panel-content rounded-window-bottom">
          </div> <!-- main-panel-content rounded-window-bottom -->
        </div> <!-- panel -->
        <div panel-name="times-Enas_Project" class="panel">
          <div class="main-panel-header rounded-window-top">
            <span class="header-content">Times for Enas Project</span>
          </div> <!-- main-panel-header rounded-window-top -->
          <div class="main-panel-content rounded-window-bottom">
            <div class="times-div">
              <script type="text/javascript">
suiteTableInitFunctions.push('tableData_Enas_Project');
function tableData_Enas_Project() {
var data = new google.visualization.DataTable();
data.addColumn('number', 'Number');
data.addColumn('string', 'Method');
data.addColumn('string', 'Class');
data.addColumn('number', 'Time (ms)');
data.addRows(15);
data.setCell(0, 0, 0)
data.setCell(0, 1, 'TC_05_Check_Change_Value_FullName_Title')
data.setCell(0, 2, 'ProjectEnas.CF203_Full_Name')
data.setCell(0, 3, 32194);
data.setCell(1, 0, 1)
data.setCell(1, 1, 'TC_04b_Check_Display_Item_Select_Name_Furigana_Radiobutton_Form')
data.setCell(1, 2, 'ProjectEnas.CF203_Full_Name')
data.setCell(1, 3, 30439);
data.setCell(2, 0, 2)
data.setCell(2, 1, 'TC_07_Check_Change_FirstName')
data.setCell(2, 2, 'ProjectEnas.CF203_Full_Name')
data.setCell(2, 3, 30069);
data.setCell(3, 0, 3)
data.setCell(3, 1, 'TC_06_Check_Change_LastName')
data.setCell(3, 2, 'ProjectEnas.CF203_Full_Name')
data.setCell(3, 3, 30062);
data.setCell(4, 0, 4)
data.setCell(4, 1, 'TC_10_Check_Change_FirstName_Furigana')
data.setCell(4, 2, 'ProjectEnas.CF203_Full_Name')
data.setCell(4, 3, 30055);
data.setCell(5, 0, 5)
data.setCell(5, 1, 'TC_11_Check_change_value_General_Explanation')
data.setCell(5, 2, 'ProjectEnas.CF203_Full_Name')
data.setCell(5, 3, 30054);
data.setCell(6, 0, 6)
data.setCell(6, 1, 'TC_12_Check_change_value_Additional_Explanation')
data.setCell(6, 2, 'ProjectEnas.CF203_Full_Name')
data.setCell(6, 3, 30042);
data.setCell(7, 0, 7)
data.setCell(7, 1, 'TC_08_Check_Change_FullName_Furigana_Title')
data.setCell(7, 2, 'ProjectEnas.CF203_Full_Name')
data.setCell(7, 3, 30023);
data.setCell(8, 0, 8)
data.setCell(8, 1, 'TC_09_Check_Change_LastName_Furigana')
data.setCell(8, 2, 'ProjectEnas.CF203_Full_Name')
data.setCell(8, 3, 30011);
data.setCell(9, 0, 9)
data.setCell(9, 1, 'TC_03a_Check_Action_Select_Name_Radiobutton_Menu')
data.setCell(9, 2, 'ProjectEnas.CF203_Full_Name')
data.setCell(9, 3, 15703);
data.setCell(10, 0, 10)
data.setCell(10, 1, 'TC_04a_Check_Action_Select_Name_Furigana_Radiobutton_Menu')
data.setCell(10, 2, 'ProjectEnas.CF203_Full_Name')
data.setCell(10, 3, 15587);
data.setCell(11, 0, 11)
data.setCell(11, 1, 'TC_01a_Check_UI_Default_Menu')
data.setCell(11, 2, 'ProjectEnas.CF203_Full_Name')
data.setCell(11, 3, 9195);
data.setCell(12, 0, 12)
data.setCell(12, 1, 'TC_02_Click_On_Switch_Required')
data.setCell(12, 2, 'ProjectEnas.CF203_Full_Name')
data.setCell(12, 3, 5260);
data.setCell(13, 0, 13)
data.setCell(13, 1, 'TC_01b_Check_UI_Default_Form')
data.setCell(13, 2, 'ProjectEnas.CF203_Full_Name')
data.setCell(13, 3, 43);
data.setCell(14, 0, 14)
data.setCell(14, 1, 'TC_03b_Check_Display_Item_Select_Name_Radiobutton_Form')
data.setCell(14, 2, 'ProjectEnas.CF203_Full_Name')
data.setCell(14, 3, 29);
window.suiteTableData['Enas_Project']= { tableData: data, tableDiv: 'times-div-Enas_Project'}
return data;
}
              </script>
              <span class="suite-total-time">Total running time: 5 minutes</span>
              <div id="times-div-Enas_Project">
              </div> <!-- times-div-Enas_Project -->
            </div> <!-- times-div -->
          </div> <!-- main-panel-content rounded-window-bottom -->
        </div> <!-- panel -->
        <div panel-name="reporter-Enas_Project" class="panel">
          <div class="main-panel-header rounded-window-top">
            <span class="header-content">Reporter output for Enas Project</span>
          </div> <!-- main-panel-header rounded-window-top -->
          <div class="main-panel-content rounded-window-bottom">
          </div> <!-- main-panel-content rounded-window-bottom -->
        </div> <!-- panel -->
        <div panel-name="ignored-methods-Enas_Project" class="panel">
          <div class="main-panel-header rounded-window-top">
            <span class="header-content">0 ignored methods</span>
          </div> <!-- main-panel-header rounded-window-top -->
          <div class="main-panel-content rounded-window-bottom">
          </div> <!-- main-panel-content rounded-window-bottom -->
        </div> <!-- panel -->
        <div panel-name="chronological-Enas_Project" class="panel">
          <div class="main-panel-header rounded-window-top">
            <span class="header-content">Methods in chronological order</span>
          </div> <!-- main-panel-header rounded-window-top -->
          <div class="main-panel-content rounded-window-bottom">
            <div class="chronological-class">
              <div class="chronological-class-name">ProjectEnas.CF203_Full_Name</div> <!-- chronological-class-name -->
              <div class="configuration-suite before">
                <span class="method-name">initBeforeSuite</span>
                <span class="method-start">0 ms</span>
              </div> <!-- configuration-suite before -->
              <div class="configuration-class before">
                <span class="method-name">beforeClass(chrome)</span>
                <span class="method-start">60 ms</span>
              </div> <!-- configuration-class before -->
              <div class="test-method">
                <span class="method-name">TC_01a_Check_UI_Default_Menu</span>
                <span class="method-start">5077 ms</span>
              </div> <!-- test-method -->
              <div class="test-method">
                <img src="failed.png">
                </img>
                <span class="method-name">TC_01b_Check_UI_Default_Form</span>
                <span class="method-start">14370 ms</span>
              </div> <!-- test-method -->
              <div class="test-method">
                <span class="method-name">TC_02_Click_On_Switch_Required</span>
                <span class="method-start">14586 ms</span>
              </div> <!-- test-method -->
              <div class="test-method">
                <span class="method-name">TC_03a_Check_Action_Select_Name_Radiobutton_Menu</span>
                <span class="method-start">19850 ms</span>
              </div> <!-- test-method -->
              <div class="test-method">
                <img src="failed.png">
                </img>
                <span class="method-name">TC_03b_Check_Display_Item_Select_Name_Radiobutton_Form</span>
                <span class="method-start">35555 ms</span>
              </div> <!-- test-method -->
              <div class="test-method">
                <span class="method-name">TC_04a_Check_Action_Select_Name_Furigana_Radiobutton_Menu</span>
                <span class="method-start">35749 ms</span>
              </div> <!-- test-method -->
              <div class="test-method">
                <img src="failed.png">
                </img>
                <span class="method-name">TC_04b_Check_Display_Item_Select_Name_Furigana_Radiobutton_Form</span>
                <span class="method-start">51339 ms</span>
              </div> <!-- test-method -->
              <div class="test-method">
                <img src="failed.png">
                </img>
                <span class="method-name">TC_05_Check_Change_Value_FullName_Title</span>
                <span class="method-start">81912 ms</span>
              </div> <!-- test-method -->
              <div class="test-method">
                <img src="failed.png">
                </img>
                <span class="method-name">TC_06_Check_Change_LastName</span>
                <span class="method-start">114275 ms</span>
              </div> <!-- test-method -->
              <div class="test-method">
                <img src="failed.png">
                </img>
                <span class="method-name">TC_07_Check_Change_FirstName</span>
                <span class="method-start">144500 ms</span>
              </div> <!-- test-method -->
              <div class="test-method">
                <img src="failed.png">
                </img>
                <span class="method-name">TC_08_Check_Change_FullName_Furigana_Title</span>
                <span class="method-start">174714 ms</span>
              </div> <!-- test-method -->
              <div class="test-method">
                <img src="failed.png">
                </img>
                <span class="method-name">TC_09_Check_Change_LastName_Furigana</span>
                <span class="method-start">204871 ms</span>
              </div> <!-- test-method -->
              <div class="test-method">
                <img src="failed.png">
                </img>
                <span class="method-name">TC_10_Check_Change_FirstName_Furigana</span>
                <span class="method-start">235044 ms</span>
              </div> <!-- test-method -->
              <div class="test-method">
                <img src="failed.png">
                </img>
                <span class="method-name">TC_11_Check_change_value_General_Explanation</span>
                <span class="method-start">265232 ms</span>
              </div> <!-- test-method -->
              <div class="test-method">
                <img src="failed.png">
                </img>
                <span class="method-name">TC_12_Check_change_value_Additional_Explanation</span>
                <span class="method-start">295427 ms</span>
              </div> <!-- test-method -->
              <div class="configuration-class after">
                <span class="method-name">afterClass</span>
                <span class="method-start">325635 ms</span>
              </div> <!-- configuration-class after -->
          </div> <!-- main-panel-content rounded-window-bottom -->
        </div> <!-- panel -->
      </div> <!-- main-panel-root -->
    </div> <!-- wrapper -->
  </body>
</html>
