<?xml version="1.0" encoding="UTF-8"?>
<!-- Generated by org.testng.reporters.JUnitReportReporter -->
<testsuite hostname="LyDT-Phoenix" failures="0" tests="12" name="ProjectEnas.UserRegister_Step1" time="124.271" errors="1" timestamp="18 Dec 2023 16:59:52 GMT" skipped="0">
  <testcase classname="ProjectEnas.UserRegister_Step1" name="CA201_10_Check_Password_Valid" time="31.021"/>
  <testcase classname="ProjectEnas.UserRegister_Step1" name="CA201_12_Check_Email_Exist" time="4.482"/>
  <testcase classname="ProjectEnas.UserRegister_Step1" name="CA201_05_Check_Input_Blank" time="5.259"/>
  <testcase classname="ProjectEnas.UserRegister_Step1" name="CA201_13_Check_Success" time="30.572">
    <error message="Expected condition failed: waiting for visibility of element located by By.xpath: //div[text()=&#039;メールアドレス&#039;]/parent::div/following-sibling::div[contains(@class,&#039;text-error&#039;)] (tried for 30 second(s) with 500 milliseconds interval)
Build info: version: &#039;4.11.0&#039;, revision: &#039;040bc5406b&#039;
System info: os.name: &#039;Windows 11&#039;, os.arch: &#039;amd64&#039;, os.version: &#039;10.0&#039;, java.version: &#039;11.0.17&#039;
Driver info: org.openqa.selenium.chrome.ChromeDriver
Capabilities {acceptInsecureCerts: false, browserName: chrome, browserVersion: 120.0.6099.110, chrome: {chromedriverVersion: 120.0.6099.71 (9729082fe617..., userDataDir: C:\Users\LyDT\AppData\Local...}, fedcm:accounts: true, goog:chromeOptions: {debuggerAddress: localhost:60188}, networkConnectionEnabled: false, pageLoadStrategy: normal, platformName: windows, proxy: Proxy(), se:cdp: ws://localhost:60188/devtoo..., se:cdpVersion: 120.0.6099.110, setWindowRect: true, strictFileInteractability: false, timeouts: {implicit: 0, pageLoad: 300000, script: 30000}, unhandledPromptBehavior: dismiss and notify, webauthn:extension:credBlob: true, webauthn:extension:largeBlob: true, webauthn:extension:minPinLength: true, webauthn:extension:prf: true, webauthn:virtualAuthenticators: true}
Session ID: ed173c3c0690cd7e5675e4b8232300ff" type="org.openqa.selenium.TimeoutException">
      <![CDATA[org.openqa.selenium.TimeoutException: Expected condition failed: waiting for visibility of element located by By.xpath: //div[text()='メールアドレス']/parent::div/following-sibling::div[contains(@class,'text-error')] (tried for 30 second(s) with 500 milliseconds interval)
Build info: version: '4.11.0', revision: '040bc5406b'
System info: os.name: 'Windows 11', os.arch: 'amd64', os.version: '10.0', java.version: '11.0.17'
Driver info: org.openqa.selenium.chrome.ChromeDriver
Capabilities {acceptInsecureCerts: false, browserName: chrome, browserVersion: 120.0.6099.110, chrome: {chromedriverVersion: 120.0.6099.71 (9729082fe617..., userDataDir: C:\Users\LyDT\AppData\Local...}, fedcm:accounts: true, goog:chromeOptions: {debuggerAddress: localhost:60188}, networkConnectionEnabled: false, pageLoadStrategy: normal, platformName: windows, proxy: Proxy(), se:cdp: ws://localhost:60188/devtoo..., se:cdpVersion: 120.0.6099.110, setWindowRect: true, strictFileInteractability: false, timeouts: {implicit: 0, pageLoad: 300000, script: 30000}, unhandledPromptBehavior: dismiss and notify, webauthn:extension:credBlob: true, webauthn:extension:largeBlob: true, webauthn:extension:minPinLength: true, webauthn:extension:prf: true, webauthn:virtualAuthenticators: true}
Session ID: ed173c3c0690cd7e5675e4b8232300ff
at org.openqa.selenium.support.ui.WebDriverWait.timeoutException(WebDriverWait.java:84)
at org.openqa.selenium.support.ui.FluentWait.until(FluentWait.java:230)
at commons.BasePage.waitForElementVisible(BasePage.java:578)
at pageObject.UserRegisterCA201PO.getTextError(UserRegisterCA201PO.java:74)
at ProjectEnas.UserRegister_Step1.CA201_13_Check_Success(UserRegister_Step1.java:441)
at java.base/jdk.internal.reflect.NativeMethodAccessorImpl.invoke0(Native Method)
at java.base/jdk.internal.reflect.NativeMethodAccessorImpl.invoke(NativeMethodAccessorImpl.java:62)
at java.base/jdk.internal.reflect.DelegatingMethodAccessorImpl.invoke(DelegatingMethodAccessorImpl.java:43)
at java.base/java.lang.reflect.Method.invoke(Method.java:566)
at org.testng.internal.MethodInvocationHelper.invokeMethod(MethodInvocationHelper.java:124)
at org.testng.internal.Invoker.invokeMethod(Invoker.java:583)
at org.testng.internal.Invoker.invokeTestMethod(Invoker.java:719)
at org.testng.internal.Invoker.invokeTestMethods(Invoker.java:989)
at org.testng.internal.TestMethodWorker.invokeTestMethods(TestMethodWorker.java:125)
at org.testng.internal.TestMethodWorker.run(TestMethodWorker.java:109)
at org.testng.TestRunner.privateRun(TestRunner.java:648)
at org.testng.TestRunner.run(TestRunner.java:505)
at org.testng.SuiteRunner.runTest(SuiteRunner.java:455)
at org.testng.SuiteRunner.runSequentially(SuiteRunner.java:450)
at org.testng.SuiteRunner.privateRun(SuiteRunner.java:415)
at org.testng.SuiteRunner.run(SuiteRunner.java:364)
at org.testng.SuiteRunnerWorker.runSuite(SuiteRunnerWorker.java:52)
at org.testng.SuiteRunnerWorker.run(SuiteRunnerWorker.java:84)
at org.testng.TestNG.runSuitesSequentially(TestNG.java:1208)
at org.testng.TestNG.runSuitesLocally(TestNG.java:1137)
at org.testng.TestNG.runSuites(TestNG.java:1049)
at org.testng.TestNG.run(TestNG.java:1017)
at org.testng.remote.AbstractRemoteTestNG.run(AbstractRemoteTestNG.java:115)
at org.testng.remote.RemoteTestNG.initAndRun(RemoteTestNG.java:251)
at org.testng.remote.RemoteTestNG.main(RemoteTestNG.java:77)
]]>
    </error>
  </testcase> <!-- CA201_13_Check_Success -->
  <testcase classname="ProjectEnas.UserRegister_Step1" name="CA201_06_Check_Name_Valid" time="10.429"/>
  <testcase classname="ProjectEnas.UserRegister_Step1" name="CA201_09_Check_Email_InValid" time="1.733"/>
  <testcase classname="ProjectEnas.UserRegister_Step1" name="CA201_11_Check_Password_InValid" time="9.741"/>
  <testcase classname="ProjectEnas.UserRegister_Step1" name="CA201_08_Check_Email_Valid" time="20.856"/>
  <testcase classname="ProjectEnas.UserRegister_Step1" name="CA201_04_CheckUI" time="3.959"/>
  <testcase classname="ProjectEnas.UserRegister_Step1" name="CA200_01__CheckUI" time="0.648"/>
  <testcase classname="ProjectEnas.UserRegister_Step1" name="CA200_02_CheckTextLink" time="4.631"/>
  <testcase classname="ProjectEnas.UserRegister_Step1" name="CA201_07_Check_Name_InValid" time="0.940"/>
</testsuite> <!-- ProjectEnas.UserRegister_Step1 -->
