<?xml version="1.0" encoding="UTF-8"?>
<!-- Generated by org.testng.reporters.JUnitReportReporter -->
<testsuite hostname="LyDT-Phoenix" failures="1" tests="10" name="ProjectEnas.UserRegister_Step2_Membership" time="346.917" errors="0" timestamp="22 Dec 2023 14:08:46 GMT" skipped="0">
  <testcase classname="ProjectEnas.UserRegister_Step2_Membership" name="CA203_05_Check_Input_Valid" time="117.374"/>
  <testcase classname="ProjectEnas.UserRegister_Step2_Membership" name="CA202_01_Check_Success" time="1.364"/>
  <testcase classname="ProjectEnas.UserRegister_Step2_Membership" name="CA204_01_Check_UI" time="1.043"/>
  <testcase classname="ProjectEnas.UserRegister_Step2_Membership" name="CA204_03_Check_Input_Vaild" time="1.327">
    <failure message="expected [10 桁または11桁の値を入力してください。] but found []" type="java.lang.AssertionError">
      <![CDATA[java.lang.AssertionError: expected [10 桁または11桁の値を入力してください。] but found []
at org.testng.Assert.fail(Assert.java:96)
at org.testng.Assert.failNotEquals(Assert.java:776)
at org.testng.Assert.assertEqualsImpl(Assert.java:137)
at org.testng.Assert.assertEquals(Assert.java:118)
at org.testng.Assert.assertEquals(Assert.java:453)
at org.testng.Assert.assertEquals(Assert.java:463)
at ProjectEnas.UserRegister_Step2_Membership.CA204_03_Check_Input_Vaild(UserRegister_Step2_Membership.java:234)
at java.base/jdk.internal.reflect.NativeMethodAccessorImpl.invoke0(Native Method)
at java.base/jdk.internal.reflect.NativeMethodAccessorImpl.invoke(NativeMethodAccessorImpl.java:62)
at java.base/jdk.internal.reflect.DelegatingMethodAccessorImpl.invoke(DelegatingMethodAccessorImpl.java:43)
at java.base/java.lang.reflect.Method.invoke(Method.java:566)
at org.testng.internal.MethodInvocationHelper.invokeMethod(MethodInvocationHelper.java:124)
at org.testng.internal.Invoker.invokeMethod(Invoker.java:583)
at org.testng.internal.Invoker.invokeTestMethod(Invoker.java:719)
at org.testng.internal.Invoker.invokeTestMethods(Invoker.java:989)
at org.testng.internal.TestMethodWorker.invokeTestMethods(TestMethodWorker.java:125)
at org.testng.internal.TestMethodWorker.run(TestMethodWorker.java:109)
at org.testng.TestRunner.privateRun(TestRunner.java:648)
at org.testng.TestRunner.run(TestRunner.java:505)
at org.testng.SuiteRunner.runTest(SuiteRunner.java:455)
at org.testng.SuiteRunner.runSequentially(SuiteRunner.java:450)
at org.testng.SuiteRunner.privateRun(SuiteRunner.java:415)
at org.testng.SuiteRunner.run(SuiteRunner.java:364)
at org.testng.SuiteRunnerWorker.runSuite(SuiteRunnerWorker.java:52)
at org.testng.SuiteRunnerWorker.run(SuiteRunnerWorker.java:84)
at org.testng.TestNG.runSuitesSequentially(TestNG.java:1208)
at org.testng.TestNG.runSuitesLocally(TestNG.java:1137)
at org.testng.TestNG.runSuites(TestNG.java:1049)
at org.testng.TestNG.run(TestNG.java:1017)
at org.testng.remote.AbstractRemoteTestNG.run(AbstractRemoteTestNG.java:115)
at org.testng.remote.RemoteTestNG.initAndRun(RemoteTestNG.java:251)
at org.testng.remote.RemoteTestNG.main(RemoteTestNG.java:77)
]]>
    </failure>
  </testcase> <!-- CA204_03_Check_Input_Vaild -->
  <testcase classname="ProjectEnas.UserRegister_Step2_Membership" name="CA203_01_Login_Site_Third" time="60.023"/>
  <testcase classname="ProjectEnas.UserRegister_Step2_Membership" name="CA204_04_Check_Action_Success" time="147.234"/>
  <testcase classname="ProjectEnas.UserRegister_Step2_Membership" name="CA203_04_Check_Input_InValid" time="9.355"/>
  <testcase classname="ProjectEnas.UserRegister_Step2_Membership" name="CA204_02_Check_Input_Blank" time="7.764"/>
  <testcase classname="ProjectEnas.UserRegister_Step2_Membership" name="CA203_02_Check_UI" time="0.636"/>
  <testcase classname="ProjectEnas.UserRegister_Step2_Membership" name="CA203_03_Check_Input_Blank" time="0.797"/>
</testsuite> <!-- ProjectEnas.UserRegister_Step2_Membership -->
