<?xml version="1.0" encoding="UTF-8"?>
<!-- Generated by org.testng.reporters.JUnitReportReporter -->
<testsuite hostname="LyDT-Phoenix" failures="1" tests="11" name="ProjectEnas.UserRegister_Step1_SendEmail" time="93.983" errors="0" timestamp="22 Dec 2023 11:45:08 GMT" skipped="0">
  <testcase classname="ProjectEnas.UserRegister_Step1_SendEmail" name="CA201_11_Check_Password_InValid" time="9.159"/>
  <testcase classname="ProjectEnas.UserRegister_Step1_SendEmail" name="CA201_07_Check_Name_InValid" time="0.539"/>
  <testcase classname="ProjectEnas.UserRegister_Step1_SendEmail" name="CA200_01__CheckUI" time="1.427"/>
  <testcase classname="ProjectEnas.UserRegister_Step1_SendEmail" name="CA201_10_Check_Password_Valid" time="31.105"/>
  <testcase classname="ProjectEnas.UserRegister_Step1_SendEmail" name="CA201_09_Check_Email_InValid" time="1.812"/>
  <testcase classname="ProjectEnas.UserRegister_Step1_SendEmail" name="CA200_02_CheckTextLink" time="7.489">
    <failure message="expected [true] but found [false]" type="java.lang.AssertionError">
      <![CDATA[java.lang.AssertionError: expected [true] but found [false]
at org.testng.Assert.fail(Assert.java:96)
at org.testng.Assert.failNotEquals(Assert.java:776)
at org.testng.Assert.assertTrue(Assert.java:44)
at org.testng.Assert.assertTrue(Assert.java:54)
at commons.BaseTest.verifyTrue(BaseTest.java:160)
at ProjectEnas.UserRegister_Step1_SendEmail.CA200_02_CheckTextLink(UserRegister_Step1_SendEmail.java:82)
at java.base/jdk.internal.reflect.NativeMethodAccessorImpl.invoke0(Native Method)
at java.base/jdk.internal.reflect.NativeMethodAccessorImpl.invoke(NativeMethodAccessorImpl.java:62)
at java.base/jdk.internal.reflect.DelegatingMethodAccessorImpl.invoke(DelegatingMethodAccessorImpl.java:43)
at java.base/java.lang.reflect.Method.invoke(Method.java:566)
at org.testng.internal.MethodInvocationHelper.invokeMethod(MethodInvocationHelper.java:124)
at org.testng.internal.Invoker.invokeMethod(Invoker.java:583)
at org.testng.internal.Invoker.invokeTestMethod(Invoker.java:719)
at org.testng.internal.Invoker.invokeTestMethods(Invoker.java:989)
at org.testng.internal.TestMethodWorker.invokeTestMethods(TestMethodWorker.java:125)
at org.testng.internal.TestMethodWorker.run(TestMethodWorker.java:109)
at org.testng.TestRunner.privateRun(TestRunner.java:648)
at org.testng.TestRunner.run(TestRunner.java:505)
at org.testng.SuiteRunner.runTest(SuiteRunner.java:455)
at org.testng.SuiteRunner.runSequentially(SuiteRunner.java:450)
at org.testng.SuiteRunner.privateRun(SuiteRunner.java:415)
at org.testng.SuiteRunner.run(SuiteRunner.java:364)
at org.testng.SuiteRunnerWorker.runSuite(SuiteRunnerWorker.java:52)
at org.testng.SuiteRunnerWorker.run(SuiteRunnerWorker.java:84)
at org.testng.TestNG.runSuitesSequentially(TestNG.java:1208)
at org.testng.TestNG.runSuitesLocally(TestNG.java:1137)
at org.testng.TestNG.runSuites(TestNG.java:1049)
at org.testng.TestNG.run(TestNG.java:1017)
at org.testng.remote.AbstractRemoteTestNG.run(AbstractRemoteTestNG.java:115)
at org.testng.remote.RemoteTestNG.initAndRun(RemoteTestNG.java:251)
at org.testng.remote.RemoteTestNG.main(RemoteTestNG.java:77)
]]>
    </failure>
  </testcase> <!-- CA200_02_CheckTextLink -->
  <testcase classname="ProjectEnas.UserRegister_Step1_SendEmail" name="CA201_05_Check_Input_Blank" time="5.200"/>
  <testcase classname="ProjectEnas.UserRegister_Step1_SendEmail" name="CA201_08_Check_Email_Valid" time="20.788"/>
  <testcase classname="ProjectEnas.UserRegister_Step1_SendEmail" name="CA201_12_Check_Email_Exist" time="1.339"/>
  <testcase classname="ProjectEnas.UserRegister_Step1_SendEmail" name="CA201_06_Check_Name_Valid" time="10.390"/>
  <testcase classname="ProjectEnas.UserRegister_Step1_SendEmail" name="CA201_04_CheckUI" time="4.735"/>
</testsuite> <!-- ProjectEnas.UserRegister_Step1_SendEmail -->
