<?xml version="1.0" encoding="UTF-8"?>
<!-- Generated by org.testng.reporters.JUnitReportReporter -->
<testsuite hostname="LyDT-Phoenix" failures="1" tests="11" name="ProjectEnas.CF303_Matrix" time="28.629" errors="0" timestamp="29 Dec 2023 13:34:30 GMT" skipped="0">
  <testcase classname="ProjectEnas.CF303_Matrix" name="TC_02_Click_On_Switch_Required" time="5.304"/>
  <testcase classname="ProjectEnas.CF303_Matrix" name="TC_09_Check_Choose_Checkbox" time="0.146"/>
  <testcase classname="ProjectEnas.CF303_Matrix" name="TC_06_Check_change_value_Additional_Explanation" time="3.430"/>
  <testcase classname="ProjectEnas.CF303_Matrix" name="TC_08_Check_Enter_Option_Input" time="1.463"/>
  <testcase classname="ProjectEnas.CF303_Matrix" name="TC_10_Check_Create_Input_Field" time="0.241"/>
  <testcase classname="ProjectEnas.CF303_Matrix" name="TC_11_Check_Create_Input_Option" time="0.230"/>
  <testcase classname="ProjectEnas.CF303_Matrix" name="TC_01a_Check_UI_Menu" time="9.082"/>
  <testcase classname="ProjectEnas.CF303_Matrix" name="TC_05_Check_change_value_General_Explanation" time="3.470"/>
  <testcase classname="ProjectEnas.CF303_Matrix" name="TC_07_Check_Enter_Field_Input" time="1.511"/>
  <testcase classname="ProjectEnas.CF303_Matrix" name="TC_03_Check_change_value_Title_Component" time="3.606"/>
  <testcase classname="ProjectEnas.CF303_Matrix" name="TC_01b_Check_UI_Form" time="0.146">
    <failure message="expected [#333D5A] but found [#000000]" type="java.lang.AssertionError">
      <![CDATA[java.lang.AssertionError: expected [#333D5A] but found [#000000]
at org.testng.Assert.fail(Assert.java:96)
at org.testng.Assert.failNotEquals(Assert.java:776)
at org.testng.Assert.assertEqualsImpl(Assert.java:137)
at org.testng.Assert.assertEquals(Assert.java:118)
at org.testng.Assert.assertEquals(Assert.java:453)
at org.testng.Assert.assertEquals(Assert.java:463)
at ProjectEnas.CF303_Matrix.TC_01b_Check_UI_Form(CF303_Matrix.java:113)
at java.base/jdk.internal.reflect.NativeMethodAccessorImpl.invoke0(Native Method)
at java.base/jdk.internal.reflect.NativeMethodAccessorImpl.invoke(NativeMethodAccessorImpl.java:62)
at java.base/jdk.internal.reflect.DelegatingMethodAccessorImpl.invoke(DelegatingMethodAccessorImpl.java:43)
at java.base/java.lang.reflect.Method.invoke(Method.java:566)
at org.testng.internal.MethodInvocationHelper.invokeMethod(MethodInvocationHelper.java:124)
at org.testng.internal.Invoker.invokeMethod(Invoker.java:583)
at org.testng.internal.Invoker.invokeTestMethod(Invoker.java:719)
at org.testng.internal.Invoker.invokeTestMethods(Invoker.java:989)
at org.testng.internal.TestMethodWorker.invokeTestMethods(TestMethodWorker.java:125)
at org.testng.internal.TestMethodWorker.run(TestMethodWorker.java:109)
at org.testng.TestRunner.privateRun(TestRunner.java:648)
at org.testng.TestRunner.run(TestRunner.java:505)
at org.testng.SuiteRunner.runTest(SuiteRunner.java:455)
at org.testng.SuiteRunner.runSequentially(SuiteRunner.java:450)
at org.testng.SuiteRunner.privateRun(SuiteRunner.java:415)
at org.testng.SuiteRunner.run(SuiteRunner.java:364)
at org.testng.SuiteRunnerWorker.runSuite(SuiteRunnerWorker.java:52)
at org.testng.SuiteRunnerWorker.run(SuiteRunnerWorker.java:84)
at org.testng.TestNG.runSuitesSequentially(TestNG.java:1208)
at org.testng.TestNG.runSuitesLocally(TestNG.java:1137)
at org.testng.TestNG.runSuites(TestNG.java:1049)
at org.testng.TestNG.run(TestNG.java:1017)
at org.testng.remote.AbstractRemoteTestNG.run(AbstractRemoteTestNG.java:115)
at org.testng.remote.RemoteTestNG.initAndRun(RemoteTestNG.java:251)
at org.testng.remote.RemoteTestNG.main(RemoteTestNG.java:77)
]]>
    </failure>
  </testcase> <!-- TC_01b_Check_UI_Form -->
</testsuite> <!-- ProjectEnas.CF303_Matrix -->
