<?xml version="1.0" encoding="UTF-8"?>
<!-- Generated by org.testng.reporters.JUnitXMLReporter -->
<testsuite ignored="0" hostname="LyDT-Phoenix" failures="1" tests="10" name="Run on Headless Chrome" time="55.953" errors="0" timestamp="09 Jan 2024 11:29:51 GMT">
  <testcase classname="ProjectEnas.CF201_Email" name="TC01a_Check_UI_Menu" time="8.115"/>
  <testcase classname="ProjectEnas.CF201_Email" name="TC01b_Check_UI_Form" time="30.259">
    <failure type="org.openqa.selenium.TimeoutException" message="Expected condition failed: waiting for visibility of element located by By.xpath: //div[contains(text(), &amp;apos;%s&amp;apos;) and @contenteditable=&amp;apos;false&amp;apos;] (tried for 30 second(s) with 500 milliseconds interval)
Build info: version: &amp;apos;4.11.0&amp;apos;, revision: &amp;apos;040bc5406b&amp;apos;
System info: os.name: &amp;apos;Windows 11&amp;apos;, os.arch: &amp;apos;amd64&amp;apos;, os.version: &amp;apos;10.0&amp;apos;, java.version: &amp;apos;11.0.17&amp;apos;
Driver info: org.openqa.selenium.chrome.ChromeDriver
Capabilities {acceptInsecureCerts: false, browserName: chrome, browserVersion: 120.0.6099.131, chrome: {chromedriverVersion: 120.0.6099.109 (3419140ab66..., userDataDir: C:\Users\LyDT\AppData\Local...}, fedcm:accounts: true, goog:chromeOptions: {debuggerAddress: localhost:59541}, networkConnectionEnabled: false, pageLoadStrategy: normal, platformName: windows, proxy: Proxy(), se:cdp: ws://localhost:59541/devtoo..., se:cdpVersion: 120.0.6099.131, setWindowRect: true, strictFileInteractability: false, timeouts: {implicit: 0, pageLoad: 300000, script: 30000}, unhandledPromptBehavior: dismiss and notify, webauthn:extension:credBlob: true, webauthn:extension:largeBlob: true, webauthn:extension:minPinLength: true, webauthn:extension:prf: true, webauthn:virtualAuthenticators: true}
Session ID: 0f8efb7ea787ccef2c40e287936b1b68">
      <![CDATA[org.openqa.selenium.TimeoutException: Expected condition failed: waiting for visibility of element located by By.xpath: //div[contains(text(), '%s') and @contenteditable='false'] (tried for 30 second(s) with 500 milliseconds interval)
Build info: version: '4.11.0', revision: '040bc5406b'
System info: os.name: 'Windows 11', os.arch: 'amd64', os.version: '10.0', java.version: '11.0.17'
Driver info: org.openqa.selenium.chrome.ChromeDriver
Capabilities {acceptInsecureCerts: false, browserName: chrome, browserVersion: 120.0.6099.131, chrome: {chromedriverVersion: 120.0.6099.109 (3419140ab66..., userDataDir: C:\Users\LyDT\AppData\Local...}, fedcm:accounts: true, goog:chromeOptions: {debuggerAddress: localhost:59541}, networkConnectionEnabled: false, pageLoadStrategy: normal, platformName: windows, proxy: Proxy(), se:cdp: ws://localhost:59541/devtoo..., se:cdpVersion: 120.0.6099.131, setWindowRect: true, strictFileInteractability: false, timeouts: {implicit: 0, pageLoad: 300000, script: 30000}, unhandledPromptBehavior: dismiss and notify, webauthn:extension:credBlob: true, webauthn:extension:largeBlob: true, webauthn:extension:minPinLength: true, webauthn:extension:prf: true, webauthn:virtualAuthenticators: true}
Session ID: 0f8efb7ea787ccef2c40e287936b1b68
at org.openqa.selenium.support.ui.WebDriverWait.timeoutException(WebDriverWait.java:84)
at org.openqa.selenium.support.ui.FluentWait.until(FluentWait.java:230)
at commons.BasePage.waitForElementVisible(BasePage.java:644)
at pageObject.CommonDrapDropPO.getColorSampleTextForm(CommonDrapDropPO.java:205)
at ProjectEnas.CF201_Email.TC01b_Check_UI_Form(CF201_Email.java:93)
... Removed 25 stack frames]]>
    </failure>
  </testcase> <!-- TC01b_Check_UI_Form -->
  <testcase classname="ProjectEnas.CF201_Email" name="TC_03_Check_change_value_Title_Component" time="3.154"/>
  <testcase classname="ProjectEnas.CF201_Email" name="TC_04_Check_change_value_Sample_Explanation" time="1.428"/>
  <testcase classname="ProjectEnas.CF201_Email" name="TC_05_Check_change_value_General_Explanation" time="3.536"/>
  <testcase classname="ProjectEnas.CF201_Email" name="TC_06_Check_change_value_Additional_Explanation" time="3.5"/>
  <testcase classname="ProjectEnas.CF201_Email" name="TC_07_Duplicate_Component" time="0.182"/>
  <testcase classname="ProjectEnas.CF201_Email" name="TC_08_Delete_Component" time="0.148"/>
  <testcase classname="ProjectEnas.CF201_Email" name="TC_09_Move_Up_Component" time="0.168"/>
  <testcase classname="ProjectEnas.CF201_Email" name="TC_10_Move_Down_Component" time="0.127"/>
</testsuite> <!-- Run on Headless Chrome -->
